{"meta": {"format": 3, "version": "7.11.0", "timestamp": "2025-10-21T20:03:54.884121", "branch_coverage": false, "show_contexts": false}, "files": {"app/__init__.py": {"executed_lines": [0], "summary": {"covered_lines": 0, "num_statements": 0, "percent_covered": 100.0, "percent_covered_display": "100", "missing_lines": 0, "excluded_lines": 0}, "missing_lines": [], "excluded_lines": [], "functions": {"": {"executed_lines": [], "summary": {"covered_lines": 0, "num_statements": 0, "percent_covered": 100.0, "percent_covered_display": "100", "missing_lines": 0, "excluded_lines": 0}, "missing_lines": [], "excluded_lines": []}}, "classes": {"": {"executed_lines": [], "summary": {"covered_lines": 0, "num_statements": 0, "percent_covered": 100.0, "percent_covered_display": "100", "missing_lines": 0, "excluded_lines": 0}, "missing_lines": [], "excluded_lines": []}}}, "app/api/__init__.py": {"executed_lines": [0], "summary": {"covered_lines": 0, "num_statements": 0, "percent_covered": 100.0, "percent_covered_display": "100", "missing_lines": 0, "excluded_lines": 0}, "missing_lines": [], "excluded_lines": [], "functions": {"": {"executed_lines": [], "summary": {"covered_lines": 0, "num_statements": 0, "percent_covered": 100.0, "percent_covered_display": "100", "missing_lines": 0, "excluded_lines": 0}, "missing_lines": [], "excluded_lines": []}}, "classes": {"": {"executed_lines": [], "summary": {"covered_lines": 0, "num_statements": 0, "percent_covered": 100.0, "percent_covered_display": "100", "missing_lines": 0, "excluded_lines": 0}, "missing_lines": [], "excluded_lines": []}}}, "app/api/admin.py": {"executed_lines": [1, 3, 4, 6, 7, 8, 9, 11, 12, 13, 20, 22, 24, 27, 28, 29, 30, 31, 32, 33, 34, 35, 38, 54, 55, 68, 69, 103, 104, 135, 136, 152, 153, 186, 187, 209, 210, 273, 274, 370, 371, 400, 401, 457], "summary": {"covered_lines": 43, "num_statements": 182, "percent_covered": 23.626373626373628, "percent_covered_display": "24", "missing_lines": 139, "excluded_lines": 0}, "missing_lines": [39, 60, 61, 62, 64, 65, 74, 75, 77, 82, 83, 85, 96, 97, 98, 100, 110, 111, 112, 114, 115, 116, 118, 119, 124, 125, 127, 128, 130, 131, 132, 142, 143, 144, 146, 147, 148, 149, 159, 160, 161, 163, 171, 194, 195, 197, 198, 200, 202, 203, 204, 205, 206, 217, 218, 226, 227, 229, 230, 252, 254, 258, 266, 268, 269, 270, 282, 283, 285, 286, 288, 293, 294, 295, 296, 297, 298, 299, 300, 302, 304, 306, 319, 321, 323, 324, 326, 328, 346, 347, 348, 350, 351, 352, 353, 354, 355, 356, 357, 358, 360, 362, 363, 364, 365, 366, 367, 379, 380, 382, 383, 385, 386, 388, 390, 392, 393, 394, 395, 396, 397, 407, 408, 409, 414, 419, 424, 430, 438, 452, 453, 454, 461, 479, 480, 481, 483, 493, 495], "excluded_lines": [], "functions": {"_serialize_source": {"executed_lines": [], "summary": {"covered_lines": 0, "num_statements": 1, "percent_covered": 0.0, "percent_covered_display": "0", "missing_lines": 1, "excluded_lines": 0}, "missing_lines": [39], "excluded_lines": []}, "list_news_sources": {"executed_lines": [], "summary": {"covered_lines": 0, "num_statements": 5, "percent_covered": 0.0, "percent_covered_display": "0", "missing_lines": 5, "excluded_lines": 0}, "missing_lines": [60, 61, 62, 64, 65], "excluded_lines": []}, "create_news_source": {"executed_lines": [], "summary": {"covered_lines": 0, "num_statements": 10, "percent_covered": 0.0, "percent_covered_display": "0", "missing_lines": 10, "excluded_lines": 0}, "missing_lines": [74, 75, 77, 82, 83, 85, 96, 97, 98, 100], "excluded_lines": []}, "update_news_source": {"executed_lines": [], "summary": {"covered_lines": 0, "num_statements": 15, "percent_covered": 0.0, "percent_covered_display": "0", "missing_lines": 15, "excluded_lines": 0}, "missing_lines": [110, 111, 112, 114, 115, 116, 118, 119, 124, 125, 127, 128, 130, 131, 132], "excluded_lines": []}, "toggle_news_source": {"executed_lines": [], "summary": {"covered_lines": 0, "num_statements": 7, "percent_covered": 0.0, "percent_covered_display": "0", "missing_lines": 7, "excluded_lines": 0}, "missing_lines": [142, 143, 144, 146, 147, 148, 149], "excluded_lines": []}, "get_source_ingestion_history": {"executed_lines": [], "summary": {"covered_lines": 0, "num_statements": 5, "percent_covered": 0.0, "percent_covered_display": "0", "missing_lines": 5, "excluded_lines": 0}, "missing_lines": [159, 160, 161, 163, 171], "excluded_lines": []}, "process_suggestion_manually": {"executed_lines": [], "summary": {"covered_lines": 0, "num_statements": 10, "percent_covered": 0.0, "percent_covered_display": "0", "missing_lines": 10, "excluded_lines": 0}, "missing_lines": [194, 195, 197, 198, 200, 202, 203, 204, 205, 206], "excluded_lines": []}, "get_pending_suggestions": {"executed_lines": [], "summary": {"covered_lines": 0, "num_statements": 13, "percent_covered": 0.0, "percent_covered_display": "0", "missing_lines": 13, "excluded_lines": 0}, "missing_lines": [217, 218, 226, 227, 229, 230, 252, 254, 258, 266, 268, 269, 270], "excluded_lines": []}, "approve_suggestion_manually": {"executed_lines": [], "summary": {"covered_lines": 0, "num_statements": 41, "percent_covered": 0.0, "percent_covered_display": "0", "missing_lines": 41, "excluded_lines": 0}, "missing_lines": [282, 283, 285, 286, 288, 293, 294, 295, 296, 297, 298, 299, 300, 302, 304, 306, 319, 321, 323, 324, 326, 328, 346, 347, 348, 350, 351, 352, 353, 354, 355, 356, 357, 358, 360, 362, 363, 364, 365, 366, 367], "excluded_lines": []}, "reject_suggestion": {"executed_lines": [], "summary": {"covered_lines": 0, "num_statements": 14, "percent_covered": 0.0, "percent_covered_display": "0", "missing_lines": 14, "excluded_lines": 0}, "missing_lines": [379, 380, 382, 383, 385, 386, 388, 390, 392, 393, 394, 395, 396, 397], "excluded_lines": []}, "get_suggestion_stats": {"executed_lines": [], "summary": {"covered_lines": 0, "num_statements": 11, "percent_covered": 0.0, "percent_covered_display": "0", "missing_lines": 11, "excluded_lines": 0}, "missing_lines": [407, 408, 409, 414, 419, 424, 430, 438, 452, 453, 454], "excluded_lines": []}, "_serialize_suggestion_with_evaluation": {"executed_lines": [], "summary": {"covered_lines": 0, "num_statements": 7, "percent_covered": 0.0, "percent_covered_display": "0", "missing_lines": 7, "excluded_lines": 0}, "missing_lines": [461, 479, 480, 481, 483, 493, 495], "excluded_lines": []}, "": {"executed_lines": [1, 3, 4, 6, 7, 8, 9, 11, 12, 13, 20, 22, 24, 27, 28, 29, 30, 31, 32, 33, 34, 35, 38, 54, 55, 68, 69, 103, 104, 135, 136, 152, 153, 186, 187, 209, 210, 273, 274, 370, 371, 400, 401, 457], "summary": {"covered_lines": 43, "num_statements": 43, "percent_covered": 100.0, "percent_covered_display": "100", "missing_lines": 0, "excluded_lines": 0}, "missing_lines": [], "excluded_lines": []}}, "classes": {"SourcePayload": {"executed_lines": [], "summary": {"covered_lines": 0, "num_statements": 0, "percent_covered": 100.0, "percent_covered_display": "100", "missing_lines": 0, "excluded_lines": 0}, "missing_lines": [], "excluded_lines": []}, "": {"executed_lines": [1, 3, 4, 6, 7, 8, 9, 11, 12, 13, 20, 22, 24, 27, 28, 29, 30, 31, 32, 33, 34, 35, 38, 54, 55, 68, 69, 103, 104, 135, 136, 152, 153, 186, 187, 209, 210, 273, 274, 370, 371, 400, 401, 457], "summary": {"covered_lines": 43, "num_statements": 182, "percent_covered": 23.626373626373628, "percent_covered_display": "24", "missing_lines": 139, "excluded_lines": 0}, "missing_lines": [39, 60, 61, 62, 64, 65, 74, 75, 77, 82, 83, 85, 96, 97, 98, 100, 110, 111, 112, 114, 115, 116, 118, 119, 124, 125, 127, 128, 130, 131, 132, 142, 143, 144, 146, 147, 148, 149, 159, 160, 161, 163, 171, 194, 195, 197, 198, 200, 202, 203, 204, 205, 206, 217, 218, 226, 227, 229, 230, 252, 254, 258, 266, 268, 269, 270, 282, 283, 285, 286, 288, 293, 294, 295, 296, 297, 298, 299, 300, 302, 304, 306, 319, 321, 323, 324, 326, 328, 346, 347, 348, 350, 351, 352, 353, 354, 355, 356, 357, 358, 360, 362, 363, 364, 365, 366, 367, 379, 380, 382, 383, 385, 386, 388, 390, 392, 393, 394, 395, 396, 397, 407, 408, 409, 414, 419, 424, 430, 438, 452, 453, 454, 461, 479, 480, 481, 483, 493, 495], "excluded_lines": []}}}, "app/api/admin_evaluations.py": {"executed_lines": [1, 2, 3, 5, 6, 7, 9, 12, 13], "summary": {"covered_lines": 8, "num_statements": 13, "percent_covered": 61.53846153846154, "percent_covered_display": "62", "missing_lines": 5, "excluded_lines": 0}, "missing_lines": [21, 22, 23, 25, 33], "excluded_lines": [], "functions": {"list_suggestion_evaluations": {"executed_lines": [], "summary": {"covered_lines": 0, "num_statements": 5, "percent_covered": 0.0, "percent_covered_display": "0", "missing_lines": 5, "excluded_lines": 0}, "missing_lines": [21, 22, 23, 25, 33], "excluded_lines": []}, "": {"executed_lines": [1, 2, 3, 5, 6, 7, 9, 12, 13], "summary": {"covered_lines": 8, "num_statements": 8, "percent_covered": 100.0, "percent_covered_display": "100", "missing_lines": 0, "excluded_lines": 0}, "missing_lines": [], "excluded_lines": []}}, "classes": {"": {"executed_lines": [1, 2, 3, 5, 6, 7, 9, 12, 13], "summary": {"covered_lines": 8, "num_statements": 13, "percent_covered": 61.53846153846154, "percent_covered_display": "62", "missing_lines": 5, "excluded_lines": 0}, "missing_lines": [21, 22, 23, 25, 33], "excluded_lines": []}}}, "app/api/documents.py": {"executed_lines": [1, 2, 3, 4, 5, 6, 7, 9, 10, 11, 12, 13, 15, 17, 20, 32, 35, 36, 37, 42, 55, 66, 72, 73, 93, 95, 96, 97, 101, 104, 106, 110, 113, 116, 117, 118, 121, 202, 203, 204, 205, 206, 207], "summary": {"covered_lines": 42, "num_statements": 82, "percent_covered": 51.21951219512195, "percent_covered_display": "51", "missing_lines": 40, "excluded_lines": 0}, "missing_lines": [38, 39, 43, 44, 45, 46, 47, 48, 49, 50, 51, 52, 56, 57, 58, 59, 60, 61, 62, 63, 98, 107, 124, 127, 130, 148, 149, 152, 153, 154, 157, 159, 161, 166, 167, 170, 174, 176, 182, 184], "excluded_lines": [], "functions": {"extract_text_from_file": {"executed_lines": [32, 35, 36, 37, 42, 55, 66], "summary": {"covered_lines": 7, "num_statements": 27, "percent_covered": 25.925925925925927, "percent_covered_display": "26", "missing_lines": 20, "excluded_lines": 0}, "missing_lines": [38, 39, 43, 44, 45, 46, 47, 48, 49, 50, 51, 52, 56, 57, 58, 59, 60, 61, 62, 63], "excluded_lines": []}, "upload_document": {"executed_lines": [93, 95, 96, 97, 101, 104, 106, 110, 113, 116, 117, 118, 121, 202, 203, 204, 205, 206, 207], "summary": {"covered_lines": 19, "num_statements": 39, "percent_covered": 48.717948717948715, "percent_covered_display": "49", "missing_lines": 20, "excluded_lines": 0}, "missing_lines": [98, 107, 124, 127, 130, 148, 149, 152, 153, 154, 157, 159, 161, 166, 167, 170, 174, 176, 182, 184], "excluded_lines": []}, "": {"executed_lines": [1, 2, 3, 4, 5, 6, 7, 9, 10, 11, 12, 13, 15, 17, 20, 72, 73], "summary": {"covered_lines": 16, "num_statements": 16, "percent_covered": 100.0, "percent_covered_display": "100", "missing_lines": 0, "excluded_lines": 0}, "missing_lines": [], "excluded_lines": []}}, "classes": {"": {"executed_lines": [1, 2, 3, 4, 5, 6, 7, 9, 10, 11, 12, 13, 15, 17, 20, 32, 35, 36, 37, 42, 55, 66, 72, 73, 93, 95, 96, 97, 101, 104, 106, 110, 113, 116, 117, 118, 121, 202, 203, 204, 205, 206, 207], "summary": {"covered_lines": 42, "num_statements": 82, "percent_covered": 51.21951219512195, "percent_covered_display": "51", "missing_lines": 40, "excluded_lines": 0}, "missing_lines": [38, 39, 43, 44, 45, 46, 47, 48, 49, 50, 51, 52, 56, 57, 58, 59, 60, 61, 62, 63, 98, 107, 124, 127, 130, 148, 149, 152, 153, 154, 157, 159, 161, 166, 167, 170, 174, 176, 182, 184], "excluded_lines": []}}}, "app/api/keywords.py": {"executed_lines": [1, 2, 3, 4, 5, 6, 8, 9, 10, 12, 14, 17, 18, 38, 40, 43, 53, 56, 57, 60, 61, 63, 67, 76, 91, 92, 108, 109, 111, 112, 139, 140, 146, 147, 232, 233], "summary": {"covered_lines": 35, "num_statements": 91, "percent_covered": 38.46153846153846, "percent_covered_display": "38", "missing_lines": 56, "excluded_lines": 0}, "missing_lines": [44, 45, 86, 87, 88, 115, 120, 127, 141, 142, 143, 167, 169, 170, 171, 174, 182, 183, 185, 188, 191, 192, 195, 196, 197, 213, 225, 226, 227, 228, 229, 249, 251, 252, 253, 256, 265, 266, 269, 277, 279, 280, 281, 283, 284, 286, 287, 290, 291, 299, 306, 314, 315, 316, 317, 318], "excluded_lines": [], "functions": {"search_keywords": {"executed_lines": [38, 40, 43, 53, 56, 57, 60, 61, 63, 67, 76], "summary": {"covered_lines": 11, "num_statements": 16, "percent_covered": 68.75, "percent_covered_display": "69", "missing_lines": 5, "excluded_lines": 0}, "missing_lines": [44, 45, 86, 87, 88], "excluded_lines": []}, "get_keyword": {"executed_lines": [108, 109, 111, 112, 139, 140], "summary": {"covered_lines": 6, "num_statements": 12, "percent_covered": 50.0, "percent_covered_display": "50", "missing_lines": 6, "excluded_lines": 0}, "missing_lines": [115, 120, 127, 141, 142, 143], "excluded_lines": []}, "get_keyword_articles": {"executed_lines": [], "summary": {"covered_lines": 0, "num_statements": 20, "percent_covered": 0.0, "percent_covered_display": "0", "missing_lines": 20, "excluded_lines": 0}, "missing_lines": [167, 169, 170, 171, 174, 182, 183, 185, 188, 191, 192, 195, 196, 197, 213, 225, 226, 227, 228, 229], "excluded_lines": []}, "get_keyword_relations": {"executed_lines": [], "summary": {"covered_lines": 0, "num_statements": 25, "percent_covered": 0.0, "percent_covered_display": "0", "missing_lines": 25, "excluded_lines": 0}, "missing_lines": [249, 251, 252, 253, 256, 265, 266, 269, 277, 279, 280, 281, 283, 284, 286, 287, 290, 291, 299, 306, 314, 315, 316, 317, 318], "excluded_lines": []}, "": {"executed_lines": [1, 2, 3, 4, 5, 6, 8, 9, 10, 12, 14, 17, 18, 91, 92, 146, 147, 232, 233], "summary": {"covered_lines": 18, "num_statements": 18, "percent_covered": 100.0, "percent_covered_display": "100", "missing_lines": 0, "excluded_lines": 0}, "missing_lines": [], "excluded_lines": []}}, "classes": {"": {"executed_lines": [1, 2, 3, 4, 5, 6, 8, 9, 10, 12, 14, 17, 18, 38, 40, 43, 53, 56, 57, 60, 61, 63, 67, 76, 91, 92, 108, 109, 111, 112, 139, 140, 146, 147, 232, 233], "summary": {"covered_lines": 35, "num_statements": 91, "percent_covered": 38.46153846153846, "percent_covered_display": "38", "missing_lines": 56, "excluded_lines": 0}, "missing_lines": [44, 45, 86, 87, 88, 115, 120, 127, 141, 142, 143, 167, 169, 170, 171, 174, 182, 183, 185, 188, 191, 192, 195, 196, 197, 213, 225, 226, 227, 228, 229, 249, 251, 252, 253, 256, 265, 266, 269, 277, 279, 280, 281, 283, 284, 286, 287, 290, 291, 299, 306, 314, 315, 316, 317, 318], "excluded_lines": []}}}, "app/api/search.py": {"executed_lines": [1, 3, 4, 5, 7, 8, 9, 11, 12, 13, 15, 17, 20, 21, 126, 127, 145, 146, 147, 149, 151, 155, 158, 161, 165, 169, 171, 172, 243, 244, 304, 311, 329, 341, 350, 361, 373], "summary": {"covered_lines": 36, "num_statements": 149, "percent_covered": 24.161073825503355, "percent_covered_display": "24", "missing_lines": 113, "excluded_lines": 0}, "missing_lines": [40, 41, 43, 44, 45, 47, 48, 49, 57, 58, 60, 61, 63, 64, 65, 67, 68, 69, 71, 72, 74, 75, 77, 79, 80, 82, 83, 85, 94, 96, 117, 118, 119, 120, 121, 122, 123, 152, 153, 156, 159, 162, 163, 166, 167, 192, 193, 194, 195, 196, 198, 200, 201, 202, 203, 205, 214, 234, 235, 236, 237, 238, 239, 240, 252, 253, 255, 256, 258, 259, 261, 263, 269, 270, 271, 275, 276, 278, 279, 281, 290, 297, 298, 299, 300, 301, 305, 306, 307, 308, 312, 313, 314, 315, 316, 317, 318, 319, 320, 325, 326, 330, 331, 332, 333, 334, 335, 336, 337, 338, 362, 370, 378], "excluded_lines": [], "functions": {"search_articles": {"executed_lines": [], "summary": {"covered_lines": 0, "num_statements": 37, "percent_covered": 0.0, "percent_covered_display": "0", "missing_lines": 37, "excluded_lines": 0}, "missing_lines": [40, 41, 43, 44, 45, 47, 48, 49, 57, 58, 60, 61, 63, 64, 65, 67, 68, 69, 71, 72, 74, 75, 77, 79, 80, 82, 83, 85, 94, 96, 117, 118, 119, 120, 121, 122, 123], "excluded_lines": []}, "semantic_search": {"executed_lines": [145, 146, 147, 149, 151, 155, 158, 161, 165, 169, 171, 172], "summary": {"covered_lines": 12, "num_statements": 39, "percent_covered": 30.76923076923077, "percent_covered_display": "31", "missing_lines": 27, "excluded_lines": 0}, "missing_lines": [152, 153, 156, 159, 162, 163, 166, 167, 192, 193, 194, 195, 196, 198, 200, 201, 202, 203, 205, 214, 234, 235, 236, 237, 238, 239, 240], "excluded_lines": []}, "find_similar_articles": {"executed_lines": [], "summary": {"covered_lines": 0, "num_statements": 22, "percent_covered": 0.0, "percent_covered_display": "0", "missing_lines": 22, "excluded_lines": 0}, "missing_lines": [252, 253, 255, 256, 258, 259, 261, 263, 269, 270, 271, 275, 276, 278, 279, 281, 290, 297, 298, 299, 300, 301], "excluded_lines": []}, "_parse_iso_date": {"executed_lines": [], "summary": {"covered_lines": 0, "num_statements": 4, "percent_covered": 0.0, "percent_covered_display": "0", "missing_lines": 4, "excluded_lines": 0}, "missing_lines": [305, 306, 307, 308], "excluded_lines": []}, "_resolve_article_sort": {"executed_lines": [], "summary": {"covered_lines": 0, "num_statements": 11, "percent_covered": 0.0, "percent_covered_display": "0", "missing_lines": 11, "excluded_lines": 0}, "missing_lines": [312, 313, 314, 315, 316, 317, 318, 319, 320, 325, 326], "excluded_lines": []}, "_sort_semantic_results": {"executed_lines": [], "summary": {"covered_lines": 0, "num_statements": 9, "percent_covered": 0.0, "percent_covered_display": "0", "missing_lines": 9, "excluded_lines": 0}, "missing_lines": [330, 331, 332, 333, 334, 335, 336, 337, 338], "excluded_lines": []}, "_build_semantic_filter_payload": {"executed_lines": [350], "summary": {"covered_lines": 1, "num_statements": 1, "percent_covered": 100.0, "percent_covered_display": "100", "missing_lines": 0, "excluded_lines": 0}, "missing_lines": [], "excluded_lines": []}, "_article_keywords": {"executed_lines": [], "summary": {"covered_lines": 0, "num_statements": 2, "percent_covered": 0.0, "percent_covered_display": "0", "missing_lines": 2, "excluded_lines": 0}, "missing_lines": [362, 370], "excluded_lines": []}, "_serialize_article_payload": {"executed_lines": [], "summary": {"covered_lines": 0, "num_statements": 1, "percent_covered": 0.0, "percent_covered_display": "0", "missing_lines": 1, "excluded_lines": 0}, "missing_lines": [378], "excluded_lines": []}, "": {"executed_lines": [1, 3, 4, 5, 7, 8, 9, 11, 12, 13, 15, 17, 20, 21, 126, 127, 243, 244, 304, 311, 329, 341, 361, 373], "summary": {"covered_lines": 23, "num_statements": 23, "percent_covered": 100.0, "percent_covered_display": "100", "missing_lines": 0, "excluded_lines": 0}, "missing_lines": [], "excluded_lines": []}}, "classes": {"": {"executed_lines": [1, 3, 4, 5, 7, 8, 9, 11, 12, 13, 15, 17, 20, 21, 126, 127, 145, 146, 147, 149, 151, 155, 158, 161, 165, 169, 171, 172, 243, 244, 304, 311, 329, 341, 350, 361, 373], "summary": {"covered_lines": 36, "num_statements": 149, "percent_covered": 24.161073825503355, "percent_covered_display": "24", "missing_lines": 113, "excluded_lines": 0}, "missing_lines": [40, 41, 43, 44, 45, 47, 48, 49, 57, 58, 60, 61, 63, 64, 65, 67, 68, 69, 71, 72, 74, 75, 77, 79, 80, 82, 83, 85, 94, 96, 117, 118, 119, 120, 121, 122, 123, 152, 153, 156, 159, 162, 163, 166, 167, 192, 193, 194, 195, 196, 198, 200, 201, 202, 203, 205, 214, 234, 235, 236, 237, 238, 239, 240, 252, 253, 255, 256, 258, 259, 261, 263, 269, 270, 271, 275, 276, 278, 279, 281, 290, 297, 298, 299, 300, 301, 305, 306, 307, 308, 312, 313, 314, 315, 316, 317, 318, 319, 320, 325, 326, 330, 331, 332, 333, 334, 335, 336, 337, 338, 362, 370, 378], "excluded_lines": []}}}, "app/api/sentiment.py": {"executed_lines": [1, 2, 3, 4, 5, 6, 7, 9, 10, 15, 17, 20, 21, 119, 120, 204, 205, 302, 303], "summary": {"covered_lines": 18, "num_statements": 109, "percent_covered": 16.513761467889907, "percent_covered_display": "17", "missing_lines": 91, "excluded_lines": 0}, "missing_lines": [35, 37, 38, 39, 42, 50, 51, 66, 67, 70, 79, 80, 81, 82, 83, 84, 86, 91, 92, 94, 112, 113, 114, 115, 116, 138, 140, 141, 142, 145, 146, 149, 156, 157, 158, 169, 170, 171, 172, 173, 174, 176, 177, 179, 180, 182, 197, 198, 199, 200, 201, 221, 223, 224, 225, 226, 228, 229, 231, 232, 235, 237, 238, 241, 242, 244, 253, 254, 255, 257, 268, 280, 283, 284, 286, 295, 296, 297, 298, 299, 317, 318, 320, 321, 324, 331, 358, 359, 360, 361, 362], "excluded_lines": [], "functions": {"get_keyword_sentiment": {"executed_lines": [], "summary": {"covered_lines": 0, "num_statements": 25, "percent_covered": 0.0, "percent_covered_display": "0", "missing_lines": 25, "excluded_lines": 0}, "missing_lines": [35, 37, 38, 39, 42, 50, 51, 66, 67, 70, 79, 80, 81, 82, 83, 84, 86, 91, 92, 94, 112, 113, 114, 115, 116], "excluded_lines": []}, "get_sentiment_timeline": {"executed_lines": [], "summary": {"covered_lines": 0, "num_statements": 26, "percent_covered": 0.0, "percent_covered_display": "0", "missing_lines": 26, "excluded_lines": 0}, "missing_lines": [138, 140, 141, 142, 145, 146, 149, 156, 157, 158, 169, 170, 171, 172, 173, 174, 176, 177, 179, 180, 182, 197, 198, 199, 200, 201], "excluded_lines": []}, "compare_keyword_sentiment": {"executed_lines": [], "summary": {"covered_lines": 0, "num_statements": 29, "percent_covered": 0.0, "percent_covered_display": "0", "missing_lines": 29, "excluded_lines": 0}, "missing_lines": [221, 223, 224, 225, 226, 228, 229, 231, 232, 235, 237, 238, 241, 242, 244, 253, 254, 255, 257, 268, 280, 283, 284, 286, 295, 296, 297, 298, 299], "excluded_lines": []}, "get_article_sentiment_details": {"executed_lines": [], "summary": {"covered_lines": 0, "num_statements": 11, "percent_covered": 0.0, "percent_covered_display": "0", "missing_lines": 11, "excluded_lines": 0}, "missing_lines": [317, 318, 320, 321, 324, 331, 358, 359, 360, 361, 362], "excluded_lines": []}, "": {"executed_lines": [1, 2, 3, 4, 5, 6, 7, 9, 10, 15, 17, 20, 21, 119, 120, 204, 205, 302, 303], "summary": {"covered_lines": 18, "num_statements": 18, "percent_covered": 100.0, "percent_covered_display": "100", "missing_lines": 0, "excluded_lines": 0}, "missing_lines": [], "excluded_lines": []}}, "classes": {"": {"executed_lines": [1, 2, 3, 4, 5, 6, 7, 9, 10, 15, 17, 20, 21, 119, 120, 204, 205, 302, 303], "summary": {"covered_lines": 18, "num_statements": 109, "percent_covered": 16.513761467889907, "percent_covered_display": "17", "missing_lines": 91, "excluded_lines": 0}, "missing_lines": [35, 37, 38, 39, 42, 50, 51, 66, 67, 70, 79, 80, 81, 82, 83, 84, 86, 91, 92, 94, 112, 113, 114, 115, 116, 138, 140, 141, 142, 145, 146, 149, 156, 157, 158, 169, 170, 171, 172, 173, 174, 176, 177, 179, 180, 182, 197, 198, 199, 200, 201, 221, 223, 224, 225, 226, 228, 229, 231, 232, 235, 237, 238, 241, 242, 244, 253, 254, 255, 257, 268, 280, 283, 284, 286, 295, 296, 297, 298, 299, 317, 318, 320, 321, 324, 331, 358, 359, 360, 361, 362], "excluded_lines": []}}}, "app/api/suggestions.py": {"executed_lines": [1, 2, 3, 4, 5, 6, 7, 9, 10, 12, 14, 17, 18, 20, 21, 22, 23, 24, 25, 26, 27, 28, 29, 30, 31, 34, 35, 36, 37, 38, 39, 40, 41, 42, 45, 46, 62, 64, 71, 74, 75, 79, 81, 82, 83, 85, 87, 109, 110, 127, 128, 129, 131, 133, 175, 176, 192, 193, 195, 199, 204, 205, 206, 223, 234, 235, 249, 250, 254, 257, 283, 284, 298, 299, 303, 307, 308, 309, 311], "summary": {"covered_lines": 76, "num_statements": 111, "percent_covered": 68.46846846846847, "percent_covered_display": "68", "missing_lines": 35, "excluded_lines": 0}, "missing_lines": [65, 100, 101, 102, 103, 153, 154, 155, 156, 161, 162, 163, 164, 165, 166, 167, 168, 169, 196, 229, 230, 231, 255, 276, 277, 278, 279, 280, 304, 321, 322, 323, 324, 325, 326], "excluded_lines": [], "functions": {"create_suggestion": {"executed_lines": [62, 64, 71, 74, 75, 79, 81, 82, 83, 85, 87, 109, 110, 127, 128, 129, 131, 133], "summary": {"covered_lines": 18, "num_statements": 36, "percent_covered": 50.0, "percent_covered_display": "50", "missing_lines": 18, "excluded_lines": 0}, "missing_lines": [65, 100, 101, 102, 103, 153, 154, 155, 156, 161, 162, 163, 164, 165, 166, 167, 168, 169], "excluded_lines": []}, "get_suggestions": {"executed_lines": [192, 193, 195, 199, 204, 205, 206, 223], "summary": {"covered_lines": 8, "num_statements": 12, "percent_covered": 66.66666666666667, "percent_covered_display": "67", "missing_lines": 4, "excluded_lines": 0}, "missing_lines": [196, 229, 230, 231], "excluded_lines": []}, "get_suggestion": {"executed_lines": [249, 250, 254, 257], "summary": {"covered_lines": 4, "num_statements": 10, "percent_covered": 40.0, "percent_covered_display": "40", "missing_lines": 6, "excluded_lines": 0}, "missing_lines": [255, 276, 277, 278, 279, 280], "excluded_lines": []}, "vote_suggestion": {"executed_lines": [298, 299, 303, 307, 308, 309, 311], "summary": {"covered_lines": 7, "num_statements": 14, "percent_covered": 50.0, "percent_covered_display": "50", "missing_lines": 7, "excluded_lines": 0}, "missing_lines": [304, 321, 322, 323, 324, 325, 326], "excluded_lines": []}, "": {"executed_lines": [1, 2, 3, 4, 5, 6, 7, 9, 10, 12, 14, 17, 18, 20, 21, 22, 23, 24, 25, 26, 27, 28, 29, 30, 31, 34, 35, 36, 37, 38, 39, 40, 41, 42, 45, 46, 175, 176, 234, 235, 283, 284], "summary": {"covered_lines": 39, "num_statements": 39, "percent_covered": 100.0, "percent_covered_display": "100", "missing_lines": 0, "excluded_lines": 0}, "missing_lines": [], "excluded_lines": []}}, "classes": {"SuggestionCreate": {"executed_lines": [], "summary": {"covered_lines": 0, "num_statements": 0, "percent_covered": 100.0, "percent_covered_display": "100", "missing_lines": 0, "excluded_lines": 0}, "missing_lines": [], "excluded_lines": []}, "SuggestionResponse": {"executed_lines": [], "summary": {"covered_lines": 0, "num_statements": 0, "percent_covered": 100.0, "percent_covered_display": "100", "missing_lines": 0, "excluded_lines": 0}, "missing_lines": [], "excluded_lines": []}, "": {"executed_lines": [1, 2, 3, 4, 5, 6, 7, 9, 10, 12, 14, 17, 18, 20, 21, 22, 23, 24, 25, 26, 27, 28, 29, 30, 31, 34, 35, 36, 37, 38, 39, 40, 41, 42, 45, 46, 62, 64, 71, 74, 75, 79, 81, 82, 83, 85, 87, 109, 110, 127, 128, 129, 131, 133, 175, 176, 192, 193, 195, 199, 204, 205, 206, 223, 234, 235, 249, 250, 254, 257, 283, 284, 298, 299, 303, 307, 308, 309, 311], "summary": {"covered_lines": 76, "num_statements": 111, "percent_covered": 68.46846846846847, "percent_covered_display": "68", "missing_lines": 35, "excluded_lines": 0}, "missing_lines": [65, 100, 101, 102, 103, 153, 154, 155, 156, 161, 162, 163, 164, 165, 166, 167, 168, 169, 196, 229, 230, 231, 255, 276, 277, 278, 279, 280, 304, 321, 322, 323, 324, 325, 326], "excluded_lines": []}}}, "app/auth.py": {"executed_lines": [1, 2, 3, 4, 5, 7, 8, 10, 11, 12, 15, 58], "summary": {"covered_lines": 11, "num_statements": 26, "percent_covered": 42.30769230769231, "percent_covered_display": "42", "missing_lines": 15, "excluded_lines": 0}, "missing_lines": [28, 30, 31, 33, 36, 38, 39, 42, 43, 48, 49, 50, 51, 52, 68], "excluded_lines": [], "functions": {"verify_admin_credentials": {"executed_lines": [], "summary": {"covered_lines": 0, "num_statements": 14, "percent_covered": 0.0, "percent_covered_display": "0", "missing_lines": 14, "excluded_lines": 0}, "missing_lines": [28, 30, 31, 33, 36, 38, 39, 42, 43, 48, 49, 50, 51, 52], "excluded_lines": []}, "get_current_admin": {"executed_lines": [], "summary": {"covered_lines": 0, "num_statements": 1, "percent_covered": 0.0, "percent_covered_display": "0", "missing_lines": 1, "excluded_lines": 0}, "missing_lines": [68], "excluded_lines": []}, "": {"executed_lines": [1, 2, 3, 4, 5, 7, 8, 10, 11, 12, 15, 58], "summary": {"covered_lines": 11, "num_statements": 11, "percent_covered": 100.0, "percent_covered_display": "100", "missing_lines": 0, "excluded_lines": 0}, "missing_lines": [], "excluded_lines": []}}, "classes": {"": {"executed_lines": [1, 2, 3, 4, 5, 7, 8, 10, 11, 12, 15, 58], "summary": {"covered_lines": 11, "num_statements": 26, "percent_covered": 42.30769230769231, "percent_covered_display": "42", "missing_lines": 15, "excluded_lines": 0}, "missing_lines": [28, 30, 31, 33, 36, 38, 39, 42, 43, 48, 49, 50, 51, 52, 68], "excluded_lines": []}}}, "app/cache.py": {"executed_lines": [], "summary": {"covered_lines": 0, "num_statements": 127, "percent_covered": 0.0, "percent_covered_display": "0", "missing_lines": 127, "excluded_lines": 0}, "missing_lines": [2, 3, 4, 5, 6, 7, 8, 9, 11, 13, 16, 19, 27, 28, 29, 30, 31, 32, 33, 34, 35, 36, 38, 40, 42, 43, 45, 46, 47, 48, 49, 50, 51, 52, 54, 56, 57, 59, 60, 61, 66, 67, 68, 69, 71, 73, 74, 76, 77, 78, 79, 80, 81, 83, 85, 86, 88, 89, 90, 91, 92, 93, 94, 95, 97, 99, 100, 102, 103, 104, 111, 112, 113, 117, 120, 123, 124, 125, 128, 130, 131, 134, 142, 143, 144, 145, 148, 149, 152, 153, 154, 155, 158, 159, 160, 162, 164, 165, 166, 169, 170, 173, 174, 175, 176, 179, 180, 181, 183, 186, 187, 188, 190, 193, 196, 197, 208, 210, 227, 229, 230, 231, 233, 235, 236, 238, 239], "excluded_lines": [], "functions": {"CacheManager.__init__": {"executed_lines": [], "summary": {"covered_lines": 0, "num_statements": 11, "percent_covered": 0.0, "percent_covered_display": "0", "missing_lines": 11, "excluded_lines": 0}, "missing_lines": [27, 28, 29, 30, 31, 32, 33, 34, 35, 36, 38], "excluded_lines": []}, "CacheManager.get": {"executed_lines": [], "summary": {"covered_lines": 0, "num_statements": 10, "percent_covered": 0.0, "percent_covered_display": "0", "missing_lines": 10, "excluded_lines": 0}, "missing_lines": [42, 43, 45, 46, 47, 48, 49, 50, 51, 52], "excluded_lines": []}, "CacheManager.set": {"executed_lines": [], "summary": {"covered_lines": 0, "num_statements": 9, "percent_covered": 0.0, "percent_covered_display": "0", "missing_lines": 9, "excluded_lines": 0}, "missing_lines": [56, 57, 59, 60, 61, 66, 67, 68, 69], "excluded_lines": []}, "CacheManager.delete": {"executed_lines": [], "summary": {"covered_lines": 0, "num_statements": 8, "percent_covered": 0.0, "percent_covered_display": "0", "missing_lines": 8, "excluded_lines": 0}, "missing_lines": [73, 74, 76, 77, 78, 79, 80, 81], "excluded_lines": []}, "CacheManager.clear_pattern": {"executed_lines": [], "summary": {"covered_lines": 0, "num_statements": 10, "percent_covered": 0.0, "percent_covered_display": "0", "missing_lines": 10, "excluded_lines": 0}, "missing_lines": [85, 86, 88, 89, 90, 91, 92, 93, 94, 95], "excluded_lines": []}, "CacheManager.get_stats": {"executed_lines": [], "summary": {"covered_lines": 0, "num_statements": 8, "percent_covered": 0.0, "percent_covered_display": "0", "missing_lines": 8, "excluded_lines": 0}, "missing_lines": [99, 100, 102, 103, 104, 111, 112, 113], "excluded_lines": []}, "get_cache": {"executed_lines": [], "summary": {"covered_lines": 0, "num_statements": 3, "percent_covered": 0.0, "percent_covered_display": "0", "missing_lines": 3, "excluded_lines": 0}, "missing_lines": [123, 124, 125], "excluded_lines": []}, "cache_key": {"executed_lines": [], "summary": {"covered_lines": 0, "num_statements": 2, "percent_covered": 0.0, "percent_covered_display": "0", "missing_lines": 2, "excluded_lines": 0}, "missing_lines": [130, 131], "excluded_lines": []}, "cached": {"executed_lines": [], "summary": {"covered_lines": 0, "num_statements": 3, "percent_covered": 0.0, "percent_covered_display": "0", "missing_lines": 3, "excluded_lines": 0}, "missing_lines": [142, 143, 190], "excluded_lines": []}, "cached.decorator": {"executed_lines": [], "summary": {"covered_lines": 0, "num_statements": 6, "percent_covered": 0.0, "percent_covered_display": "0", "missing_lines": 6, "excluded_lines": 0}, "missing_lines": [144, 164, 165, 186, 187, 188], "excluded_lines": []}, "cached.decorator.async_wrapper": {"executed_lines": [], "summary": {"covered_lines": 0, "num_statements": 11, "percent_covered": 0.0, "percent_covered_display": "0", "missing_lines": 11, "excluded_lines": 0}, "missing_lines": [145, 148, 149, 152, 153, 154, 155, 158, 159, 160, 162], "excluded_lines": []}, "cached.decorator.sync_wrapper": {"executed_lines": [], "summary": {"covered_lines": 0, "num_statements": 11, "percent_covered": 0.0, "percent_covered_display": "0", "missing_lines": 11, "excluded_lines": 0}, "missing_lines": [166, 169, 170, 173, 174, 175, 176, 179, 180, 181, 183], "excluded_lines": []}, "CacheInvalidationManager.invalidate_related_caches": {"executed_lines": [], "summary": {"covered_lines": 0, "num_statements": 11, "percent_covered": 0.0, "percent_covered_display": "0", "missing_lines": 11, "excluded_lines": 0}, "missing_lines": [208, 210, 227, 229, 230, 231, 233, 235, 236, 238, 239], "excluded_lines": []}, "": {"executed_lines": [], "summary": {"covered_lines": 0, "num_statements": 24, "percent_covered": 0.0, "percent_covered_display": "0", "missing_lines": 24, "excluded_lines": 0}, "missing_lines": [2, 3, 4, 5, 6, 7, 8, 9, 11, 13, 16, 19, 40, 54, 71, 83, 97, 117, 120, 128, 134, 193, 196, 197], "excluded_lines": []}}, "classes": {"CacheManager": {"executed_lines": [], "summary": {"covered_lines": 0, "num_statements": 56, "percent_covered": 0.0, "percent_covered_display": "0", "missing_lines": 56, "excluded_lines": 0}, "missing_lines": [27, 28, 29, 30, 31, 32, 33, 34, 35, 36, 38, 42, 43, 45, 46, 47, 48, 49, 50, 51, 52, 56, 57, 59, 60, 61, 66, 67, 68, 69, 73, 74, 76, 77, 78, 79, 80, 81, 85, 86, 88, 89, 90, 91, 92, 93, 94, 95, 99, 100, 102, 103, 104, 111, 112, 113], "excluded_lines": []}, "CacheInvalidationManager": {"executed_lines": [], "summary": {"covered_lines": 0, "num_statements": 11, "percent_covered": 0.0, "percent_covered_display": "0", "missing_lines": 11, "excluded_lines": 0}, "missing_lines": [208, 210, 227, 229, 230, 231, 233, 235, 236, 238, 239], "excluded_lines": []}, "": {"executed_lines": [], "summary": {"covered_lines": 0, "num_statements": 60, "percent_covered": 0.0, "percent_covered_display": "0", "missing_lines": 60, "excluded_lines": 0}, "missing_lines": [2, 3, 4, 5, 6, 7, 8, 9, 11, 13, 16, 19, 40, 54, 71, 83, 97, 117, 120, 123, 124, 125, 128, 130, 131, 134, 142, 143, 144, 145, 148, 149, 152, 153, 154, 155, 158, 159, 160, 162, 164, 165, 166, 169, 170, 173, 174, 175, 176, 179, 180, 181, 183, 186, 187, 188, 190, 193, 196, 197], "excluded_lines": []}}}, "app/config.py": {"executed_lines": [1, 3, 4, 6, 7, 9, 12, 15, 16, 19, 20, 21, 22, 23, 24, 27, 28, 29, 32, 35, 36, 39, 40, 41, 44, 45, 48, 49, 50, 53, 54, 55, 58, 59, 62, 63, 64, 65, 66, 67, 70, 72, 79, 80, 83], "summary": {"covered_lines": 43, "num_statements": 43, "percent_covered": 100.0, "percent_covered_display": "100", "missing_lines": 0, "excluded_lines": 0}, "missing_lines": [], "excluded_lines": [], "functions": {"get_settings": {"executed_lines": [83], "summary": {"covered_lines": 1, "num_statements": 1, "percent_covered": 100.0, "percent_covered_display": "100", "missing_lines": 0, "excluded_lines": 0}, "missing_lines": [], "excluded_lines": []}, "": {"executed_lines": [1, 3, 4, 6, 7, 9, 12, 15, 16, 19, 20, 21, 22, 23, 24, 27, 28, 29, 32, 35, 36, 39, 40, 41, 44, 45, 48, 49, 50, 53, 54, 55, 58, 59, 62, 63, 64, 65, 66, 67, 70, 72, 79, 80], "summary": {"covered_lines": 42, "num_statements": 42, "percent_covered": 100.0, "percent_covered_display": "100", "missing_lines": 0, "excluded_lines": 0}, "missing_lines": [], "excluded_lines": []}}, "classes": {"Settings": {"executed_lines": [], "summary": {"covered_lines": 0, "num_statements": 0, "percent_covered": 100.0, "percent_covered_display": "100", "missing_lines": 0, "excluded_lines": 0}, "missing_lines": [], "excluded_lines": []}, "": {"executed_lines": [1, 3, 4, 6, 7, 9, 12, 15, 16, 19, 20, 21, 22, 23, 24, 27, 28, 29, 32, 35, 36, 39, 40, 41, 44, 45, 48, 49, 50, 53, 54, 55, 58, 59, 62, 63, 64, 65, 66, 67, 70, 72, 79, 80, 83], "summary": {"covered_lines": 43, "num_statements": 43, "percent_covered": 100.0, "percent_covered_display": "100", "missing_lines": 0, "excluded_lines": 0}, "missing_lines": [], "excluded_lines": []}}}, "app/database.py": {"executed_lines": [1, 3, 5, 6, 8, 9, 10, 12, 14, 15, 18, 21, 22, 24, 28, 33, 38, 45, 47, 48, 49, 50, 51, 52, 54, 57, 59, 61, 64, 74, 82], "summary": {"covered_lines": 30, "num_statements": 40, "percent_covered": 75.0, "percent_covered_display": "75", "missing_lines": 10, "excluded_lines": 0}, "missing_lines": [25, 26, 67, 68, 69, 71, 77, 79, 85, 86], "excluded_lines": [], "functions": {"_create_engine": {"executed_lines": [21, 22, 24, 28, 33, 38, 45, 47, 48, 54], "summary": {"covered_lines": 10, "num_statements": 12, "percent_covered": 83.33333333333333, "percent_covered_display": "83", "missing_lines": 2, "excluded_lines": 0}, "missing_lines": [25, 26], "excluded_lines": []}, "_create_engine.receive_connect": {"executed_lines": [49, 50, 51, 52], "summary": {"covered_lines": 4, "num_statements": 4, "percent_covered": 100.0, "percent_covered_display": "100", "missing_lines": 0, "excluded_lines": 0}, "missing_lines": [], "excluded_lines": []}, "get_db": {"executed_lines": [], "summary": {"covered_lines": 0, "num_statements": 4, "percent_covered": 0.0, "percent_covered_display": "0", "missing_lines": 4, "excluded_lines": 0}, "missing_lines": [67, 68, 69, 71], "excluded_lines": []}, "init_db": {"executed_lines": [], "summary": {"covered_lines": 0, "num_statements": 2, "percent_covered": 0.0, "percent_covered_display": "0", "missing_lines": 2, "excluded_lines": 0}, "missing_lines": [77, 79], "excluded_lines": []}, "get_pool_status": {"executed_lines": [], "summary": {"covered_lines": 0, "num_statements": 2, "percent_covered": 0.0, "percent_covered_display": "0", "missing_lines": 2, "excluded_lines": 0}, "missing_lines": [85, 86], "excluded_lines": []}, "": {"executed_lines": [1, 3, 5, 6, 8, 9, 10, 12, 14, 15, 18, 57, 59, 61, 64, 74, 82], "summary": {"covered_lines": 16, "num_statements": 16, "percent_covered": 100.0, "percent_covered_display": "100", "missing_lines": 0, "excluded_lines": 0}, "missing_lines": [], "excluded_lines": []}}, "classes": {"": {"executed_lines": [1, 3, 5, 6, 8, 9, 10, 12, 14, 15, 18, 21, 22, 24, 28, 33, 38, 45, 47, 48, 49, 50, 51, 52, 54, 57, 59, 61, 64, 74, 82], "summary": {"covered_lines": 30, "num_statements": 40, "percent_covered": 75.0, "percent_covered_display": "75", "missing_lines": 10, "excluded_lines": 0}, "missing_lines": [25, 26, 67, 68, 69, 71, 77, 79, 85, 86], "excluded_lines": []}}}, "app/db/types.py": {"executed_lines": [1, 3, 5, 7, 8, 9, 12, 13, 15, 16, 18, 26, 27, 29, 30, 32, 33, 34, 36, 44, 45, 47, 48, 50, 51, 52, 54, 55, 56, 58], "summary": {"covered_lines": 26, "num_statements": 35, "percent_covered": 74.28571428571429, "percent_covered_display": "74", "missing_lines": 9, "excluded_lines": 0}, "missing_lines": [19, 20, 22, 23, 37, 38, 40, 41, 59], "excluded_lines": [], "functions": {"JSONBType.load_dialect_impl": {"executed_lines": [], "summary": {"covered_lines": 0, "num_statements": 4, "percent_covered": 0.0, "percent_covered_display": "0", "missing_lines": 4, "excluded_lines": 0}, "missing_lines": [19, 20, 22, 23], "excluded_lines": []}, "ArrayType.__init__": {"executed_lines": [33, 34], "summary": {"covered_lines": 2, "num_statements": 2, "percent_covered": 100.0, "percent_covered_display": "100", "missing_lines": 0, "excluded_lines": 0}, "missing_lines": [], "excluded_lines": []}, "ArrayType.load_dialect_impl": {"executed_lines": [], "summary": {"covered_lines": 0, "num_statements": 4, "percent_covered": 0.0, "percent_covered_display": "0", "missing_lines": 4, "excluded_lines": 0}, "missing_lines": [37, 38, 40, 41], "excluded_lines": []}, "VectorType.__init__": {"executed_lines": [51, 52], "summary": {"covered_lines": 2, "num_statements": 2, "percent_covered": 100.0, "percent_covered_display": "100", "missing_lines": 0, "excluded_lines": 0}, "missing_lines": [], "excluded_lines": []}, "VectorType.load_dialect_impl": {"executed_lines": [55, 56, 58], "summary": {"covered_lines": 3, "num_statements": 4, "percent_covered": 75.0, "percent_covered_display": "75", "missing_lines": 1, "excluded_lines": 0}, "missing_lines": [59], "excluded_lines": []}, "": {"executed_lines": [1, 3, 5, 7, 8, 9, 12, 13, 15, 16, 18, 26, 27, 29, 30, 32, 36, 44, 45, 47, 48, 50, 54], "summary": {"covered_lines": 19, "num_statements": 19, "percent_covered": 100.0, "percent_covered_display": "100", "missing_lines": 0, "excluded_lines": 0}, "missing_lines": [], "excluded_lines": []}}, "classes": {"JSONBType": {"executed_lines": [], "summary": {"covered_lines": 0, "num_statements": 4, "percent_covered": 0.0, "percent_covered_display": "0", "missing_lines": 4, "excluded_lines": 0}, "missing_lines": [19, 20, 22, 23], "excluded_lines": []}, "ArrayType": {"executed_lines": [33, 34], "summary": {"covered_lines": 2, "num_statements": 6, "percent_covered": 33.333333333333336, "percent_covered_display": "33", "missing_lines": 4, "excluded_lines": 0}, "missing_lines": [37, 38, 40, 41], "excluded_lines": []}, "VectorType": {"executed_lines": [51, 52, 55, 56, 58], "summary": {"covered_lines": 5, "num_statements": 6, "percent_covered": 83.33333333333333, "percent_covered_display": "83", "missing_lines": 1, "excluded_lines": 0}, "missing_lines": [59], "excluded_lines": []}, "": {"executed_lines": [1, 3, 5, 7, 8, 9, 12, 13, 15, 16, 18, 26, 27, 29, 30, 32, 36, 44, 45, 47, 48, 50, 54], "summary": {"covered_lines": 19, "num_statements": 19, "percent_covered": 100.0, "percent_covered_display": "100", "missing_lines": 0, "excluded_lines": 0}, "missing_lines": [], "excluded_lines": []}}}, "app/main.py": {"executed_lines": [1, 2, 3, 4, 5, 6, 7, 8, 9, 11, 12, 13, 14, 15, 16, 19, 20, 21, 24, 26, 29, 39, 45, 46, 53, 56, 59, 69, 70, 72, 73, 76, 79, 80, 81, 87, 88, 90, 93, 94, 96, 97, 98, 100, 101, 102, 105, 107, 115, 116, 118, 126, 127, 134, 136, 137, 142, 149, 150, 157, 171, 172, 182, 183, 209, 211, 212, 213, 214, 215, 216, 217], "summary": {"covered_lines": 71, "num_statements": 91, "percent_covered": 78.02197802197803, "percent_covered_display": "78", "missing_lines": 20, "excluded_lines": 0}, "missing_lines": [82, 83, 84, 108, 109, 110, 111, 112, 138, 139, 140, 179, 190, 191, 192, 193, 194, 195, 197, 199], "excluded_lines": [], "functions": {"startup_event": {"executed_lines": [72, 73, 76, 79, 80, 81], "summary": {"covered_lines": 6, "num_statements": 9, "percent_covered": 66.66666666666667, "percent_covered_display": "67", "missing_lines": 3, "excluded_lines": 0}, "missing_lines": [82, 83, 84], "excluded_lines": []}, "shutdown_event": {"executed_lines": [90], "summary": {"covered_lines": 1, "num_statements": 1, "percent_covered": 100.0, "percent_covered_display": "100", "missing_lines": 0, "excluded_lines": 0}, "missing_lines": [], "excluded_lines": []}, "add_metrics_middleware": {"executed_lines": [96, 97, 98, 100, 101, 102, 105, 107], "summary": {"covered_lines": 8, "num_statements": 13, "percent_covered": 61.53846153846154, "percent_covered_display": "62", "missing_lines": 5, "excluded_lines": 0}, "missing_lines": [108, 109, 110, 111, 112], "excluded_lines": []}, "root": {"executed_lines": [118], "summary": {"covered_lines": 1, "num_statements": 1, "percent_covered": 100.0, "percent_covered_display": "100", "missing_lines": 0, "excluded_lines": 0}, "missing_lines": [], "excluded_lines": []}, "health_check": {"executed_lines": [134, 136, 137, 142], "summary": {"covered_lines": 4, "num_statements": 7, "percent_covered": 57.142857142857146, "percent_covered_display": "57", "missing_lines": 3, "excluded_lines": 0}, "missing_lines": [138, 139, 140], "excluded_lines": []}, "api_status": {"executed_lines": [157], "summary": {"covered_lines": 1, "num_statements": 1, "percent_covered": 100.0, "percent_covered_display": "100", "missing_lines": 0, "excluded_lines": 0}, "missing_lines": [], "excluded_lines": []}, "metrics": {"executed_lines": [], "summary": {"covered_lines": 0, "num_statements": 1, "percent_covered": 0.0, "percent_covered_display": "0", "missing_lines": 1, "excluded_lines": 0}, "missing_lines": [179], "excluded_lines": []}, "detailed_health_check": {"executed_lines": [], "summary": {"covered_lines": 0, "num_statements": 8, "percent_covered": 0.0, "percent_covered_display": "0", "missing_lines": 8, "excluded_lines": 0}, "missing_lines": [190, 191, 192, 193, 194, 195, 197, 199], "excluded_lines": []}, "": {"executed_lines": [1, 2, 3, 4, 5, 6, 7, 8, 9, 11, 12, 13, 14, 15, 16, 19, 20, 21, 24, 26, 29, 39, 45, 46, 53, 56, 59, 69, 70, 87, 88, 93, 94, 115, 116, 126, 127, 149, 150, 171, 172, 182, 183, 209, 211, 212, 213, 214, 215, 216, 217], "summary": {"covered_lines": 50, "num_statements": 50, "percent_covered": 100.0, "percent_covered_display": "100", "missing_lines": 0, "excluded_lines": 0}, "missing_lines": [], "excluded_lines": []}}, "classes": {"": {"executed_lines": [1, 2, 3, 4, 5, 6, 7, 8, 9, 11, 12, 13, 14, 15, 16, 19, 20, 21, 24, 26, 29, 39, 45, 46, 53, 56, 59, 69, 70, 72, 73, 76, 79, 80, 81, 87, 88, 90, 93, 94, 96, 97, 98, 100, 101, 102, 105, 107, 115, 116, 118, 126, 127, 134, 136, 137, 142, 149, 150, 157, 171, 172, 182, 183, 209, 211, 212, 213, 214, 215, 216, 217], "summary": {"covered_lines": 71, "num_statements": 91, "percent_covered": 78.02197802197803, "percent_covered_display": "78", "missing_lines": 20, "excluded_lines": 0}, "missing_lines": [82, 83, 84, 108, 109, 110, 111, 112, 138, 139, 140, 179, 190, 191, 192, 193, 194, 195, 197, 199], "excluded_lines": []}}}, "app/middleware/__init__.py": {"executed_lines": [1, 2, 3, 5], "summary": {"covered_lines": 3, "num_statements": 3, "percent_covered": 100.0, "percent_covered_display": "100", "missing_lines": 0, "excluded_lines": 0}, "missing_lines": [], "excluded_lines": [], "functions": {"": {"executed_lines": [1, 2, 3, 5], "summary": {"covered_lines": 3, "num_statements": 3, "percent_covered": 100.0, "percent_covered_display": "100", "missing_lines": 0, "excluded_lines": 0}, "missing_lines": [], "excluded_lines": []}}, "classes": {"": {"executed_lines": [1, 2, 3, 5], "summary": {"covered_lines": 3, "num_statements": 3, "percent_covered": 100.0, "percent_covered_display": "100", "missing_lines": 0, "excluded_lines": 0}, "missing_lines": [], "excluded_lines": []}}}, "app/middleware/rate_limiter.py": {"executed_lines": [1, 2, 3, 4, 5, 6, 7, 9, 12, 13, 15, 23, 24, 25, 27, 29, 31, 32, 35, 40, 41, 42, 46, 48, 50, 54, 59, 62, 63, 65, 66, 67, 69, 71, 74, 75, 77, 94, 97, 98, 99, 100, 102], "summary": {"covered_lines": 40, "num_statements": 45, "percent_covered": 88.88888888888889, "percent_covered_display": "89", "missing_lines": 5, "excluded_lines": 0}, "missing_lines": [44, 51, 78, 79, 81], "excluded_lines": [], "functions": {"RateLimiter.__init__": {"executed_lines": [23, 24, 25], "summary": {"covered_lines": 3, "num_statements": 3, "percent_covered": 100.0, "percent_covered_display": "100", "missing_lines": 0, "excluded_lines": 0}, "missing_lines": [], "excluded_lines": []}, "RateLimiter.is_allowed": {"executed_lines": [29, 31, 32, 35, 40, 41, 42], "summary": {"covered_lines": 7, "num_statements": 8, "percent_covered": 87.5, "percent_covered_display": "88", "missing_lines": 1, "excluded_lines": 0}, "missing_lines": [44], "excluded_lines": []}, "RateLimiter.get_remaining": {"executed_lines": [48, 50, 54, 59], "summary": {"covered_lines": 4, "num_statements": 5, "percent_covered": 80.0, "percent_covered_display": "80", "missing_lines": 1, "excluded_lines": 0}, "missing_lines": [51], "excluded_lines": []}, "RateLimitMiddleware.__init__": {"executed_lines": [66, 67], "summary": {"covered_lines": 2, "num_statements": 2, "percent_covered": 100.0, "percent_covered_display": "100", "missing_lines": 0, "excluded_lines": 0}, "missing_lines": [], "excluded_lines": []}, "RateLimitMiddleware.dispatch": {"executed_lines": [71, 74, 75, 77, 94, 97, 98, 99, 100, 102], "summary": {"covered_lines": 10, "num_statements": 13, "percent_covered": 76.92307692307692, "percent_covered_display": "77", "missing_lines": 3, "excluded_lines": 0}, "missing_lines": [78, 79, 81], "excluded_lines": []}, "": {"executed_lines": [1, 2, 3, 4, 5, 6, 7, 9, 12, 13, 15, 27, 46, 62, 63, 65, 69], "summary": {"covered_lines": 14, "num_statements": 14, "percent_covered": 100.0, "percent_covered_display": "100", "missing_lines": 0, "excluded_lines": 0}, "missing_lines": [], "excluded_lines": []}}, "classes": {"RateLimiter": {"executed_lines": [23, 24, 25, 29, 31, 32, 35, 40, 41, 42, 48, 50, 54, 59], "summary": {"covered_lines": 14, "num_statements": 16, "percent_covered": 87.5, "percent_covered_display": "88", "missing_lines": 2, "excluded_lines": 0}, "missing_lines": [44, 51], "excluded_lines": []}, "RateLimitMiddleware": {"executed_lines": [66, 67, 71, 74, 75, 77, 94, 97, 98, 99, 100, 102], "summary": {"covered_lines": 12, "num_statements": 15, "percent_covered": 80.0, "percent_covered_display": "80", "missing_lines": 3, "excluded_lines": 0}, "missing_lines": [78, 79, 81], "excluded_lines": []}, "": {"executed_lines": [1, 2, 3, 4, 5, 6, 7, 9, 12, 13, 15, 27, 46, 62, 63, 65, 69], "summary": {"covered_lines": 14, "num_statements": 14, "percent_covered": 100.0, "percent_covered_display": "100", "missing_lines": 0, "excluded_lines": 0}, "missing_lines": [], "excluded_lines": []}}}, "app/middleware/security_headers.py": {"executed_lines": [1, 2, 3, 4, 7, 8, 10, 12, 15, 26, 29, 32, 35, 38, 41, 51, 55], "summary": {"covered_lines": 15, "num_statements": 17, "percent_covered": 88.23529411764706, "percent_covered_display": "88", "missing_lines": 2, "excluded_lines": 0}, "missing_lines": [52, 53], "excluded_lines": [], "functions": {"SecurityHeadersMiddleware.dispatch": {"executed_lines": [12, 15, 26, 29, 32, 35, 38, 41, 51, 55], "summary": {"covered_lines": 10, "num_statements": 12, "percent_covered": 83.33333333333333, "percent_covered_display": "83", "missing_lines": 2, "excluded_lines": 0}, "missing_lines": [52, 53], "excluded_lines": []}, "": {"executed_lines": [1, 2, 3, 4, 7, 8, 10], "summary": {"covered_lines": 5, "num_statements": 5, "percent_covered": 100.0, "percent_covered_display": "100", "missing_lines": 0, "excluded_lines": 0}, "missing_lines": [], "excluded_lines": []}}, "classes": {"SecurityHeadersMiddleware": {"executed_lines": [12, 15, 26, 29, 32, 35, 38, 41, 51, 55], "summary": {"covered_lines": 10, "num_statements": 12, "percent_covered": 83.33333333333333, "percent_covered_display": "83", "missing_lines": 2, "excluded_lines": 0}, "missing_lines": [52, 53], "excluded_lines": []}, "": {"executed_lines": [1, 2, 3, 4, 7, 8, 10], "summary": {"covered_lines": 5, "num_statements": 5, "percent_covered": 100.0, "percent_covered_display": "100", "missing_lines": 0, "excluded_lines": 0}, "missing_lines": [], "excluded_lines": []}}}, "app/models/__init__.py": {"executed_lines": [0], "summary": {"covered_lines": 0, "num_statements": 0, "percent_covered": 100.0, "percent_covered_display": "100", "missing_lines": 0, "excluded_lines": 0}, "missing_lines": [], "excluded_lines": [], "functions": {"": {"executed_lines": [], "summary": {"covered_lines": 0, "num_statements": 0, "percent_covered": 100.0, "percent_covered_display": "100", "missing_lines": 0, "excluded_lines": 0}, "missing_lines": [], "excluded_lines": []}}, "classes": {"": {"executed_lines": [], "summary": {"covered_lines": 0, "num_statements": 0, "percent_covered": 100.0, "percent_covered_display": "100", "missing_lines": 0, "excluded_lines": 0}, "missing_lines": [], "excluded_lines": []}}}, "app/models/models.py": {"executed_lines": [1, 2, 6, 7, 9, 10, 13, 14, 15, 17, 18, 19, 20, 21, 22, 23, 24, 25, 26, 27, 28, 29, 30, 31, 32, 33, 34, 35, 38, 39, 40, 41, 44, 45, 46, 48, 49, 50, 51, 52, 53, 54, 55, 56, 57, 61, 62, 63, 66, 67, 68, 69, 70, 71, 74, 77, 83, 84, 85, 87, 88, 89, 92, 93, 96, 97, 98, 100, 101, 102, 103, 104, 107, 108, 109, 111, 112, 113, 114, 115, 116, 117, 118, 119, 120, 121, 122, 123, 124, 125, 126, 127, 129, 132, 133, 134, 136, 137, 138, 139, 140, 141, 144, 145, 146, 148, 149, 150, 151, 152, 153, 154, 155, 156, 159, 162, 169, 170, 171, 173, 174, 175, 176, 177, 178, 179, 180, 181, 182, 185, 186, 187, 189, 190, 191, 192, 193, 194, 195, 196, 197, 198, 199, 201, 202, 205, 206, 208, 210, 211, 212, 213, 214, 215, 216, 217, 218, 219, 220, 222, 229, 230, 232, 234, 235, 236, 237, 238, 239, 240, 241, 242, 243, 244, 246, 249, 250, 252, 254, 255, 256, 257, 258, 259, 261], "summary": {"covered_lines": 172, "num_statements": 172, "percent_covered": 100.0, "percent_covered_display": "100", "missing_lines": 0, "excluded_lines": 0}, "missing_lines": [], "excluded_lines": [], "functions": {"": {"executed_lines": [1, 2, 6, 7, 9, 10, 13, 14, 15, 17, 18, 19, 20, 21, 22, 23, 24, 25, 26, 27, 28, 29, 30, 31, 32, 33, 34, 35, 38, 39, 40, 41, 44, 45, 46, 48, 49, 50, 51, 52, 53, 54, 55, 56, 57, 61, 62, 63, 66, 67, 68, 69, 70, 71, 74, 77, 83, 84, 85, 87, 88, 89, 92, 93, 96, 97, 98, 100, 101, 102, 103, 104, 107, 108, 109, 111, 112, 113, 114, 115, 116, 117, 118, 119, 120, 121, 122, 123, 124, 125, 126, 127, 129, 132, 133, 134, 136, 137, 138, 139, 140, 141, 144, 145, 146, 148, 149, 150, 151, 152, 153, 154, 155, 156, 159, 162, 169, 170, 171, 173, 174, 175, 176, 177, 178, 179, 180, 181, 182, 185, 186, 187, 189, 190, 191, 192, 193, 194, 195, 196, 197, 198, 199, 201, 202, 205, 206, 208, 210, 211, 212, 213, 214, 215, 216, 217, 218, 219, 220, 222, 229, 230, 232, 234, 235, 236, 237, 238, 239, 240, 241, 242, 243, 244, 246, 249, 250, 252, 254, 255, 256, 257, 258, 259, 261], "summary": {"covered_lines": 172, "num_statements": 172, "percent_covered": 100.0, "percent_covered_display": "100", "missing_lines": 0, "excluded_lines": 0}, "missing_lines": [], "excluded_lines": []}}, "classes": {"Keyword": {"executed_lines": [], "summary": {"covered_lines": 0, "num_statements": 0, "percent_covered": 100.0, "percent_covered_display": "100", "missing_lines": 0, "excluded_lines": 0}, "missing_lines": [], "excluded_lines": []}, "Article": {"executed_lines": [], "summary": {"covered_lines": 0, "num_statements": 0, "percent_covered": 100.0, "percent_covered_display": "100", "missing_lines": 0, "excluded_lines": 0}, "missing_lines": [], "excluded_lines": []}, "KeywordArticle": {"executed_lines": [], "summary": {"covered_lines": 0, "num_statements": 0, "percent_covered": 100.0, "percent_covered_display": "100", "missing_lines": 0, "excluded_lines": 0}, "missing_lines": [], "excluded_lines": []}, "KeywordRelation": {"executed_lines": [], "summary": {"covered_lines": 0, "num_statements": 0, "percent_covered": 100.0, "percent_covered_display": "100", "missing_lines": 0, "excluded_lines": 0}, "missing_lines": [], "excluded_lines": []}, "KeywordSuggestion": {"executed_lines": [], "summary": {"covered_lines": 0, "num_statements": 0, "percent_covered": 100.0, "percent_covered_display": "100", "missing_lines": 0, "excluded_lines": 0}, "missing_lines": [], "excluded_lines": []}, "Document": {"executed_lines": [], "summary": {"covered_lines": 0, "num_statements": 0, "percent_covered": 100.0, "percent_covered_display": "100", "missing_lines": 0, "excluded_lines": 0}, "missing_lines": [], "excluded_lines": []}, "SentimentTrend": {"executed_lines": [], "summary": {"covered_lines": 0, "num_statements": 0, "percent_covered": 100.0, "percent_covered_display": "100", "missing_lines": 0, "excluded_lines": 0}, "missing_lines": [], "excluded_lines": []}, "ComparativeSentiment": {"executed_lines": [], "summary": {"covered_lines": 0, "num_statements": 0, "percent_covered": 100.0, "percent_covered_display": "100", "missing_lines": 0, "excluded_lines": 0}, "missing_lines": [], "excluded_lines": []}, "KeywordEvaluation": {"executed_lines": [], "summary": {"covered_lines": 0, "num_statements": 0, "percent_covered": 100.0, "percent_covered_display": "100", "missing_lines": 0, "excluded_lines": 0}, "missing_lines": [], "excluded_lines": []}, "NewsSource": {"executed_lines": [], "summary": {"covered_lines": 0, "num_statements": 0, "percent_covered": 100.0, "percent_covered_display": "100", "missing_lines": 0, "excluded_lines": 0}, "missing_lines": [], "excluded_lines": []}, "KeywordSearchQueue": {"executed_lines": [], "summary": {"covered_lines": 0, "num_statements": 0, "percent_covered": 100.0, "percent_covered_display": "100", "missing_lines": 0, "excluded_lines": 0}, "missing_lines": [], "excluded_lines": []}, "SourceIngestionHistory": {"executed_lines": [], "summary": {"covered_lines": 0, "num_statements": 0, "percent_covered": 100.0, "percent_covered_display": "100", "missing_lines": 0, "excluded_lines": 0}, "missing_lines": [], "excluded_lines": []}, "": {"executed_lines": [1, 2, 6, 7, 9, 10, 13, 14, 15, 17, 18, 19, 20, 21, 22, 23, 24, 25, 26, 27, 28, 29, 30, 31, 32, 33, 34, 35, 38, 39, 40, 41, 44, 45, 46, 48, 49, 50, 51, 52, 53, 54, 55, 56, 57, 61, 62, 63, 66, 67, 68, 69, 70, 71, 74, 77, 83, 84, 85, 87, 88, 89, 92, 93, 96, 97, 98, 100, 101, 102, 103, 104, 107, 108, 109, 111, 112, 113, 114, 115, 116, 117, 118, 119, 120, 121, 122, 123, 124, 125, 126, 127, 129, 132, 133, 134, 136, 137, 138, 139, 140, 141, 144, 145, 146, 148, 149, 150, 151, 152, 153, 154, 155, 156, 159, 162, 169, 170, 171, 173, 174, 175, 176, 177, 178, 179, 180, 181, 182, 185, 186, 187, 189, 190, 191, 192, 193, 194, 195, 196, 197, 198, 199, 201, 202, 205, 206, 208, 210, 211, 212, 213, 214, 215, 216, 217, 218, 219, 220, 222, 229, 230, 232, 234, 235, 236, 237, 238, 239, 240, 241, 242, 243, 244, 246, 249, 250, 252, 254, 255, 256, 257, 258, 259, 261], "summary": {"covered_lines": 172, "num_statements": 172, "percent_covered": 100.0, "percent_covered_display": "100", "missing_lines": 0, "excluded_lines": 0}, "missing_lines": [], "excluded_lines": []}}}, "app/monitoring/__init__.py": {"executed_lines": [1, 2, 9, 11], "summary": {"covered_lines": 3, "num_statements": 3, "percent_covered": 100.0, "percent_covered_display": "100", "missing_lines": 0, "excluded_lines": 0}, "missing_lines": [], "excluded_lines": [], "functions": {"": {"executed_lines": [1, 2, 9, 11], "summary": {"covered_lines": 3, "num_statements": 3, "percent_covered": 100.0, "percent_covered_display": "100", "missing_lines": 0, "excluded_lines": 0}, "missing_lines": [], "excluded_lines": []}}, "classes": {"": {"executed_lines": [1, 2, 9, 11], "summary": {"covered_lines": 3, "num_statements": 3, "percent_covered": 100.0, "percent_covered_display": "100", "missing_lines": 0, "excluded_lines": 0}, "missing_lines": [], "excluded_lines": []}}}, "app/monitoring/logging_config.py": {"executed_lines": [1, 2, 3, 4, 5, 6, 9, 10, 12, 38, 39, 41, 45, 52, 55, 56, 59, 63, 64, 66, 71, 76, 77, 80, 83, 84, 85, 86, 89, 96, 99, 101], "summary": {"covered_lines": 29, "num_statements": 42, "percent_covered": 69.04761904761905, "percent_covered_display": "69", "missing_lines": 13, "excluded_lines": 0}, "missing_lines": [13, 23, 24, 26, 27, 29, 30, 32, 33, 35, 42, 60, 68], "excluded_lines": [], "functions": {"JsonFormatter.format": {"executed_lines": [], "summary": {"covered_lines": 0, "num_statements": 10, "percent_covered": 0.0, "percent_covered_display": "0", "missing_lines": 10, "excluded_lines": 0}, "missing_lines": [13, 23, 24, 26, 27, 29, 30, 32, 33, 35], "excluded_lines": []}, "ContextualFilter.filter": {"executed_lines": [], "summary": {"covered_lines": 0, "num_statements": 1, "percent_covered": 0.0, "percent_covered_display": "0", "missing_lines": 1, "excluded_lines": 0}, "missing_lines": [42], "excluded_lines": []}, "setup_logging": {"executed_lines": [52, 55, 56, 59, 63, 64, 66, 71, 76, 77, 80, 83, 84, 85, 86, 89, 96], "summary": {"covered_lines": 17, "num_statements": 19, "percent_covered": 89.47368421052632, "percent_covered_display": "89", "missing_lines": 2, "excluded_lines": 0}, "missing_lines": [60, 68], "excluded_lines": []}, "get_logger": {"executed_lines": [101], "summary": {"covered_lines": 1, "num_statements": 1, "percent_covered": 100.0, "percent_covered_display": "100", "missing_lines": 0, "excluded_lines": 0}, "missing_lines": [], "excluded_lines": []}, "": {"executed_lines": [1, 2, 3, 4, 5, 6, 9, 10, 12, 38, 39, 41, 45, 99], "summary": {"covered_lines": 11, "num_statements": 11, "percent_covered": 100.0, "percent_covered_display": "100", "missing_lines": 0, "excluded_lines": 0}, "missing_lines": [], "excluded_lines": []}}, "classes": {"JsonFormatter": {"executed_lines": [], "summary": {"covered_lines": 0, "num_statements": 10, "percent_covered": 0.0, "percent_covered_display": "0", "missing_lines": 10, "excluded_lines": 0}, "missing_lines": [13, 23, 24, 26, 27, 29, 30, 32, 33, 35], "excluded_lines": []}, "ContextualFilter": {"executed_lines": [], "summary": {"covered_lines": 0, "num_statements": 1, "percent_covered": 0.0, "percent_covered_display": "0", "missing_lines": 1, "excluded_lines": 0}, "missing_lines": [42], "excluded_lines": []}, "": {"executed_lines": [1, 2, 3, 4, 5, 6, 9, 10, 12, 38, 39, 41, 45, 52, 55, 56, 59, 63, 64, 66, 71, 76, 77, 80, 83, 84, 85, 86, 89, 96, 99, 101], "summary": {"covered_lines": 29, "num_statements": 31, "percent_covered": 93.54838709677419, "percent_covered_display": "94", "missing_lines": 2, "excluded_lines": 0}, "missing_lines": [60, 68], "excluded_lines": []}}}, "app/monitoring/metrics.py": {"executed_lines": [1, 2, 3, 4, 5, 6, 8, 11, 14, 21, 28, 35, 43, 50, 56, 63, 70, 77, 85, 92, 99, 105, 113, 120, 127, 135, 142, 150, 157, 164, 216, 251, 272], "summary": {"covered_lines": 32, "num_statements": 118, "percent_covered": 27.11864406779661, "percent_covered_display": "27", "missing_lines": 86, "excluded_lines": 0}, "missing_lines": [166, 167, 168, 169, 170, 172, 173, 174, 175, 177, 178, 180, 181, 182, 183, 184, 185, 186, 188, 189, 190, 191, 192, 194, 195, 196, 197, 199, 200, 202, 203, 204, 205, 206, 207, 208, 211, 212, 213, 218, 219, 220, 221, 222, 223, 224, 225, 226, 227, 228, 229, 230, 232, 233, 234, 235, 236, 237, 238, 239, 240, 241, 242, 243, 245, 246, 247, 248, 253, 254, 255, 256, 257, 258, 259, 260, 261, 262, 263, 264, 265, 266, 267, 268, 269, 274], "excluded_lines": [], "functions": {"track_http_request": {"executed_lines": [], "summary": {"covered_lines": 0, "num_statements": 7, "percent_covered": 0.0, "percent_covered_display": "0", "missing_lines": 7, "excluded_lines": 0}, "missing_lines": [166, 167, 188, 189, 211, 212, 213], "excluded_lines": []}, "track_http_request.async_wrapper": {"executed_lines": [], "summary": {"covered_lines": 0, "num_statements": 16, "percent_covered": 0.0, "percent_covered_display": "0", "missing_lines": 16, "excluded_lines": 0}, "missing_lines": [168, 169, 170, 172, 173, 174, 175, 177, 178, 180, 181, 182, 183, 184, 185, 186], "excluded_lines": []}, "track_http_request.sync_wrapper": {"executed_lines": [], "summary": {"covered_lines": 0, "num_statements": 16, "percent_covered": 0.0, "percent_covered_display": "0", "missing_lines": 16, "excluded_lines": 0}, "missing_lines": [190, 191, 192, 194, 195, 196, 197, 199, 200, 202, 203, 204, 205, 206, 207, 208], "excluded_lines": []}, "track_db_query": {"executed_lines": [], "summary": {"covered_lines": 0, "num_statements": 3, "percent_covered": 0.0, "percent_covered_display": "0", "missing_lines": 3, "excluded_lines": 0}, "missing_lines": [218, 219, 248], "excluded_lines": []}, "track_db_query.decorator": {"executed_lines": [], "summary": {"covered_lines": 0, "num_statements": 6, "percent_covered": 0.0, "percent_covered_display": "0", "missing_lines": 6, "excluded_lines": 0}, "missing_lines": [220, 232, 233, 245, 246, 247], "excluded_lines": []}, "track_db_query.decorator.async_wrapper": {"executed_lines": [], "summary": {"covered_lines": 0, "num_statements": 10, "percent_covered": 0.0, "percent_covered_display": "0", "missing_lines": 10, "excluded_lines": 0}, "missing_lines": [221, 222, 223, 224, 225, 226, 227, 228, 229, 230], "excluded_lines": []}, "track_db_query.decorator.sync_wrapper": {"executed_lines": [], "summary": {"covered_lines": 0, "num_statements": 10, "percent_covered": 0.0, "percent_covered_display": "0", "missing_lines": 10, "excluded_lines": 0}, "missing_lines": [234, 235, 236, 237, 238, 239, 240, 241, 242, 243], "excluded_lines": []}, "track_celery_task": {"executed_lines": [], "summary": {"covered_lines": 0, "num_statements": 3, "percent_covered": 0.0, "percent_covered_display": "0", "missing_lines": 3, "excluded_lines": 0}, "missing_lines": [253, 254, 269], "excluded_lines": []}, "track_celery_task.decorator": {"executed_lines": [], "summary": {"covered_lines": 0, "num_statements": 2, "percent_covered": 0.0, "percent_covered_display": "0", "missing_lines": 2, "excluded_lines": 0}, "missing_lines": [255, 268], "excluded_lines": []}, "track_celery_task.decorator.wrapper": {"executed_lines": [], "summary": {"covered_lines": 0, "num_statements": 12, "percent_covered": 0.0, "percent_covered_display": "0", "missing_lines": 12, "excluded_lines": 0}, "missing_lines": [256, 257, 258, 259, 260, 261, 262, 263, 264, 265, 266, 267], "excluded_lines": []}, "get_metrics": {"executed_lines": [], "summary": {"covered_lines": 0, "num_statements": 1, "percent_covered": 0.0, "percent_covered_display": "0", "missing_lines": 1, "excluded_lines": 0}, "missing_lines": [274], "excluded_lines": []}, "": {"executed_lines": [1, 2, 3, 4, 5, 6, 8, 11, 14, 21, 28, 35, 43, 50, 56, 63, 70, 77, 85, 92, 99, 105, 113, 120, 127, 135, 142, 150, 157, 164, 216, 251, 272], "summary": {"covered_lines": 32, "num_statements": 32, "percent_covered": 100.0, "percent_covered_display": "100", "missing_lines": 0, "excluded_lines": 0}, "missing_lines": [], "excluded_lines": []}}, "classes": {"": {"executed_lines": [1, 2, 3, 4, 5, 6, 8, 11, 14, 21, 28, 35, 43, 50, 56, 63, 70, 77, 85, 92, 99, 105, 113, 120, 127, 135, 142, 150, 157, 164, 216, 251, 272], "summary": {"covered_lines": 32, "num_statements": 118, "percent_covered": 27.11864406779661, "percent_covered_display": "27", "missing_lines": 86, "excluded_lines": 0}, "missing_lines": [166, 167, 168, 169, 170, 172, 173, 174, 175, 177, 178, 180, 181, 182, 183, 184, 185, 186, 188, 189, 190, 191, 192, 194, 195, 196, 197, 199, 200, 202, 203, 204, 205, 206, 207, 208, 211, 212, 213, 218, 219, 220, 221, 222, 223, 224, 225, 226, 227, 228, 229, 230, 232, 233, 234, 235, 236, 237, 238, 239, 240, 241, 242, 243, 245, 246, 247, 248, 253, 254, 255, 256, 257, 258, 259, 260, 261, 262, 263, 264, 265, 266, 267, 268, 269, 274], "excluded_lines": []}}}, "app/services/__init__.py": {"executed_lines": [0], "summary": {"covered_lines": 0, "num_statements": 0, "percent_covered": 100.0, "percent_covered_display": "100", "missing_lines": 0, "excluded_lines": 0}, "missing_lines": [], "excluded_lines": [], "functions": {"": {"executed_lines": [], "summary": {"covered_lines": 0, "num_statements": 0, "percent_covered": 100.0, "percent_covered_display": "100", "missing_lines": 0, "excluded_lines": 0}, "missing_lines": [], "excluded_lines": []}}, "classes": {"": {"executed_lines": [], "summary": {"covered_lines": 0, "num_statements": 0, "percent_covered": 100.0, "percent_covered_display": "100", "missing_lines": 0, "excluded_lines": 0}, "missing_lines": [], "excluded_lines": []}}}, "app/services/embeddings.py": {"executed_lines": [1, 6, 7, 8, 10, 11, 27, 30, 33, 34, 36, 37, 38, 39, 40, 41, 48, 58, 62, 66, 68, 71, 77, 87, 91, 94, 96, 97, 98, 99, 100, 101, 103, 107, 110, 111, 112, 114, 120, 135, 136, 137, 140, 141, 147, 164, 165, 166, 167, 168, 169, 172, 174, 182, 185, 188, 189, 190], "summary": {"covered_lines": 54, "num_statements": 75, "percent_covered": 72.0, "percent_covered_display": "72", "missing_lines": 21, "excluded_lines": 18}, "missing_lines": [43, 59, 60, 63, 64, 73, 74, 75, 88, 89, 92, 104, 116, 117, 118, 143, 144, 145, 176, 177, 178], "excluded_lines": [10, 11, 12, 13, 14, 15, 16, 17, 18, 19, 20, 21, 22, 23, 25, 44, 45, 46], "functions": {"EmbeddingGenerator.__init__": {"executed_lines": [37, 38, 39, 40, 41], "summary": {"covered_lines": 5, "num_statements": 6, "percent_covered": 83.33333333333333, "percent_covered_display": "83", "missing_lines": 1, "excluded_lines": 3}, "missing_lines": [43], "excluded_lines": [44, 45, 46]}, "EmbeddingGenerator.generate_embedding": {"executed_lines": [58, 62, 66, 68, 71], "summary": {"covered_lines": 5, "num_statements": 12, "percent_covered": 41.666666666666664, "percent_covered_display": "42", "missing_lines": 7, "excluded_lines": 0}, "missing_lines": [59, 60, 63, 64, 73, 74, 75], "excluded_lines": []}, "EmbeddingGenerator.generate_embeddings_batch": {"executed_lines": [87, 91, 94, 96, 97, 98, 99, 100, 101, 103, 107, 110, 111, 112, 114], "summary": {"covered_lines": 15, "num_statements": 22, "percent_covered": 68.18181818181819, "percent_covered_display": "68", "missing_lines": 7, "excluded_lines": 0}, "missing_lines": [88, 89, 92, 104, 116, 117, 118], "excluded_lines": []}, "EmbeddingGenerator.compute_similarity": {"executed_lines": [135, 136, 137, 140, 141], "summary": {"covered_lines": 5, "num_statements": 8, "percent_covered": 62.5, "percent_covered_display": "62", "missing_lines": 3, "excluded_lines": 0}, "missing_lines": [143, 144, 145], "excluded_lines": []}, "EmbeddingGenerator.find_similar": {"executed_lines": [164, 165, 166, 167, 168, 169, 172, 174], "summary": {"covered_lines": 8, "num_statements": 11, "percent_covered": 72.72727272727273, "percent_covered_display": "73", "missing_lines": 3, "excluded_lines": 0}, "missing_lines": [176, 177, 178], "excluded_lines": []}, "get_embedding_generator": {"executed_lines": [188, 189, 190], "summary": {"covered_lines": 3, "num_statements": 3, "percent_covered": 100.0, "percent_covered_display": "100", "missing_lines": 0, "excluded_lines": 0}, "missing_lines": [], "excluded_lines": []}, "": {"executed_lines": [1, 6, 7, 8, 10, 11, 27, 30, 33, 34, 36, 48, 77, 120, 147, 182, 185], "summary": {"covered_lines": 13, "num_statements": 13, "percent_covered": 100.0, "percent_covered_display": "100", "missing_lines": 0, "excluded_lines": 15}, "missing_lines": [], "excluded_lines": [10, 11, 12, 13, 14, 15, 16, 17, 18, 19, 20, 21, 22, 23, 25]}}, "classes": {"EmbeddingGenerator": {"executed_lines": [37, 38, 39, 40, 41, 58, 62, 66, 68, 71, 87, 91, 94, 96, 97, 98, 99, 100, 101, 103, 107, 110, 111, 112, 114, 135, 136, 137, 140, 141, 164, 165, 166, 167, 168, 169, 172, 174], "summary": {"covered_lines": 38, "num_statements": 59, "percent_covered": 64.40677966101696, "percent_covered_display": "64", "missing_lines": 21, "excluded_lines": 3}, "missing_lines": [43, 59, 60, 63, 64, 73, 74, 75, 88, 89, 92, 104, 116, 117, 118, 143, 144, 145, 176, 177, 178], "excluded_lines": [44, 45, 46]}, "": {"executed_lines": [1, 6, 7, 8, 10, 11, 27, 30, 33, 34, 36, 48, 77, 120, 147, 182, 185, 188, 189, 190], "summary": {"covered_lines": 16, "num_statements": 16, "percent_covered": 100.0, "percent_covered_display": "100", "missing_lines": 0, "excluded_lines": 15}, "missing_lines": [], "excluded_lines": [10, 11, 12, 13, 14, 15, 16, 17, 18, 19, 20, 21, 22, 23, 25]}}}, "app/services/gemini_client.py": {"executed_lines": [1, 2, 3, 4, 5, 7, 8, 25, 26, 35, 36, 38, 39, 42, 43, 45, 46, 47, 48, 50, 52, 55, 58, 65, 68, 69, 71, 72, 78, 79, 80, 83, 89, 125, 148, 171, 218, 221, 224, 225, 226, 229, 237, 238, 239, 255, 256], "summary": {"covered_lines": 40, "num_statements": 91, "percent_covered": 43.956043956043956, "percent_covered_display": "44", "missing_lines": 51, "excluded_lines": 29}, "missing_lines": [59, 60, 61, 62, 63, 73, 74, 75, 76, 100, 102, 105, 115, 116, 118, 119, 121, 122, 123, 142, 165, 186, 188, 194, 195, 197, 199, 200, 201, 202, 203, 204, 205, 206, 208, 210, 211, 212, 213, 214, 240, 241, 242, 243, 244, 245, 246, 247, 251, 253, 254], "excluded_lines": [7, 8, 9, 10, 11, 12, 13, 14, 15, 16, 17, 18, 19, 20, 21, 23, 25, 26, 27, 28, 29, 30, 31, 32, 33, 84, 85, 86, 87], "functions": {"RateLimiter.__init__": {"executed_lines": [46, 47, 48], "summary": {"covered_lines": 3, "num_statements": 3, "percent_covered": 100.0, "percent_covered_display": "100", "missing_lines": 0, "excluded_lines": 0}, "missing_lines": [], "excluded_lines": []}, "RateLimiter.wait_if_needed": {"executed_lines": [52, 55, 58, 65], "summary": {"covered_lines": 4, "num_statements": 9, "percent_covered": 44.44444444444444, "percent_covered_display": "44", "missing_lines": 5, "excluded_lines": 0}, "missing_lines": [59, 60, 61, 62, 63], "excluded_lines": []}, "GeminiClient.__init__": {"executed_lines": [72, 78, 79, 80, 83], "summary": {"covered_lines": 5, "num_statements": 9, "percent_covered": 55.55555555555556, "percent_covered_display": "56", "missing_lines": 4, "excluded_lines": 4}, "missing_lines": [73, 74, 75, 76], "excluded_lines": [84, 85, 86, 87]}, "GeminiClient._make_request": {"executed_lines": [], "summary": {"covered_lines": 0, "num_statements": 10, "percent_covered": 0.0, "percent_covered_display": "0", "missing_lines": 10, "excluded_lines": 0}, "missing_lines": [100, 102, 105, 115, 116, 118, 119, 121, 122, 123], "excluded_lines": []}, "GeminiClient.generate_text": {"executed_lines": [], "summary": {"covered_lines": 0, "num_statements": 1, "percent_covered": 0.0, "percent_covered_display": "0", "missing_lines": 1, "excluded_lines": 0}, "missing_lines": [142], "excluded_lines": []}, "GeminiClient.generate_structured_output": {"executed_lines": [], "summary": {"covered_lines": 0, "num_statements": 1, "percent_covered": 0.0, "percent_covered_display": "0", "missing_lines": 1, "excluded_lines": 0}, "missing_lines": [165], "excluded_lines": []}, "GeminiClient.generate_json": {"executed_lines": [], "summary": {"covered_lines": 0, "num_statements": 19, "percent_covered": 0.0, "percent_covered_display": "0", "missing_lines": 19, "excluded_lines": 0}, "missing_lines": [186, 188, 194, 195, 197, 199, 200, 201, 202, 203, 204, 205, 206, 208, 210, 211, 212, 213, 214], "excluded_lines": []}, "get_gemini_client": {"executed_lines": [224, 225, 226], "summary": {"covered_lines": 3, "num_statements": 3, "percent_covered": 100.0, "percent_covered_display": "100", "missing_lines": 0, "excluded_lines": 0}, "missing_lines": [], "excluded_lines": []}, "retry_on_failure": {"executed_lines": [237, 238, 256], "summary": {"covered_lines": 3, "num_statements": 3, "percent_covered": 100.0, "percent_covered_display": "100", "missing_lines": 0, "excluded_lines": 0}, "missing_lines": [], "excluded_lines": []}, "retry_on_failure.decorator": {"executed_lines": [239, 255], "summary": {"covered_lines": 2, "num_statements": 2, "percent_covered": 100.0, "percent_covered_display": "100", "missing_lines": 0, "excluded_lines": 0}, "missing_lines": [], "excluded_lines": []}, "retry_on_failure.decorator.wrapper": {"executed_lines": [], "summary": {"covered_lines": 0, "num_statements": 11, "percent_covered": 0.0, "percent_covered_display": "0", "missing_lines": 11, "excluded_lines": 0}, "missing_lines": [240, 241, 242, 243, 244, 245, 246, 247, 251, 253, 254], "excluded_lines": []}, "": {"executed_lines": [1, 2, 3, 4, 5, 7, 8, 25, 26, 35, 36, 38, 39, 42, 43, 45, 50, 68, 69, 71, 89, 125, 148, 171, 218, 221, 229], "summary": {"covered_lines": 20, "num_statements": 20, "percent_covered": 100.0, "percent_covered_display": "100", "missing_lines": 0, "excluded_lines": 25}, "missing_lines": [], "excluded_lines": [7, 8, 9, 10, 11, 12, 13, 14, 15, 16, 17, 18, 19, 20, 21, 23, 25, 26, 27, 28, 29, 30, 31, 32, 33]}}, "classes": {"RateLimiter": {"executed_lines": [46, 47, 48, 52, 55, 58, 65], "summary": {"covered_lines": 7, "num_statements": 12, "percent_covered": 58.333333333333336, "percent_covered_display": "58", "missing_lines": 5, "excluded_lines": 0}, "missing_lines": [59, 60, 61, 62, 63], "excluded_lines": []}, "GeminiClient": {"executed_lines": [72, 78, 79, 80, 83], "summary": {"covered_lines": 5, "num_statements": 40, "percent_covered": 12.5, "percent_covered_display": "12", "missing_lines": 35, "excluded_lines": 4}, "missing_lines": [73, 74, 75, 76, 100, 102, 105, 115, 116, 118, 119, 121, 122, 123, 142, 165, 186, 188, 194, 195, 197, 199, 200, 201, 202, 203, 204, 205, 206, 208, 210, 211, 212, 213, 214], "excluded_lines": [84, 85, 86, 87]}, "": {"executed_lines": [1, 2, 3, 4, 5, 7, 8, 25, 26, 35, 36, 38, 39, 42, 43, 45, 50, 68, 69, 71, 89, 125, 148, 171, 218, 221, 224, 225, 226, 229, 237, 238, 239, 255, 256], "summary": {"covered_lines": 28, "num_statements": 39, "percent_covered": 71.7948717948718, "percent_covered_display": "72", "missing_lines": 11, "excluded_lines": 25}, "missing_lines": [240, 241, 242, 243, 244, 245, 246, 247, 251, 253, 254], "excluded_lines": [7, 8, 9, 10, 11, 12, 13, 14, 15, 16, 17, 18, 19, 20, 21, 23, 25, 26, 27, 28, 29, 30, 31, 32, 33]}}}, "app/services/keyword_approval.py": {"executed_lines": [1, 3, 4, 6, 7, 9, 10, 11, 13, 16, 17, 19, 20, 21, 23, 94, 134, 180, 250, 311, 318, 344, 401, 424, 435, 446, 455], "summary": {"covered_lines": 25, "num_statements": 153, "percent_covered": 16.33986928104575, "percent_covered_display": "16", "missing_lines": 128, "excluded_lines": 14}, "missing_lines": [31, 56, 57, 59, 60, 61, 63, 64, 65, 66, 67, 68, 70, 80, 88, 102, 103, 104, 106, 107, 108, 109, 111, 116, 117, 127, 128, 141, 142, 144, 164, 165, 166, 167, 169, 183, 189, 190, 192, 194, 200, 208, 209, 211, 215, 216, 217, 218, 219, 221, 222, 223, 224, 225, 226, 227, 229, 230, 231, 232, 233, 237, 245, 246, 248, 257, 258, 269, 280, 282, 291, 292, 293, 294, 295, 297, 298, 299, 300, 301, 303, 305, 312, 313, 314, 315, 316, 323, 325, 326, 327, 328, 330, 337, 338, 339, 341, 342, 349, 362, 363, 365, 370, 371, 373, 375, 376, 377, 378, 380, 387, 388, 390, 391, 393, 394, 396, 397, 399, 409, 421, 422, 425, 426, 428, 429, 436, 447], "excluded_lines": [90, 91, 92, 130, 131, 132, 176, 177, 178, 307, 308, 309, 432, 433], "functions": {"KeywordApprovalService.__init__": {"executed_lines": [20, 21], "summary": {"covered_lines": 2, "num_statements": 2, "percent_covered": 100.0, "percent_covered_display": "100", "missing_lines": 0, "excluded_lines": 0}, "missing_lines": [], "excluded_lines": []}, "KeywordApprovalService.evaluate_keyword_significance": {"executed_lines": [], "summary": {"covered_lines": 0, "num_statements": 15, "percent_covered": 0.0, "percent_covered_display": "0", "missing_lines": 15, "excluded_lines": 3}, "missing_lines": [31, 56, 57, 59, 60, 61, 63, 64, 65, 66, 67, 68, 70, 80, 88], "excluded_lines": [90, 91, 92]}, "KeywordApprovalService.find_similar_keywords": {"executed_lines": [], "summary": {"covered_lines": 0, "num_statements": 12, "percent_covered": 0.0, "percent_covered_display": "0", "missing_lines": 12, "excluded_lines": 3}, "missing_lines": [102, 103, 104, 106, 107, 108, 109, 111, 116, 117, 127, 128], "excluded_lines": [130, 131, 132]}, "KeywordApprovalService.suggest_keyword_merge": {"executed_lines": [], "summary": {"covered_lines": 0, "num_statements": 8, "percent_covered": 0.0, "percent_covered_display": "0", "missing_lines": 8, "excluded_lines": 3}, "missing_lines": [141, 142, 144, 164, 165, 166, 167, 169], "excluded_lines": [176, 177, 178]}, "KeywordApprovalService.process_suggestion": {"executed_lines": [], "summary": {"covered_lines": 0, "num_statements": 30, "percent_covered": 0.0, "percent_covered_display": "0", "missing_lines": 30, "excluded_lines": 0}, "missing_lines": [183, 189, 190, 192, 194, 200, 208, 209, 211, 215, 216, 217, 218, 219, 221, 222, 223, 224, 225, 226, 227, 229, 230, 231, 232, 233, 237, 245, 246, 248], "excluded_lines": []}, "KeywordApprovalService.translate_keyword": {"executed_lines": [], "summary": {"covered_lines": 0, "num_statements": 17, "percent_covered": 0.0, "percent_covered_display": "0", "missing_lines": 17, "excluded_lines": 3}, "missing_lines": [257, 258, 269, 280, 282, 291, 292, 293, 294, 295, 297, 298, 299, 300, 301, 303, 305], "excluded_lines": [307, 308, 309]}, "KeywordApprovalService._coerce_score": {"executed_lines": [], "summary": {"covered_lines": 0, "num_statements": 5, "percent_covered": 0.0, "percent_covered_display": "0", "missing_lines": 5, "excluded_lines": 0}, "missing_lines": [312, 313, 314, 315, 316], "excluded_lines": []}, "KeywordApprovalService._approve_keyword": {"executed_lines": [], "summary": {"covered_lines": 0, "num_statements": 11, "percent_covered": 0.0, "percent_covered_display": "0", "missing_lines": 11, "excluded_lines": 0}, "missing_lines": [323, 325, 326, 327, 328, 330, 337, 338, 339, 341, 342], "excluded_lines": []}, "KeywordApprovalService._attempt_merge": {"executed_lines": [], "summary": {"covered_
[...]
57143, "percent_covered_display": "96", "missing_lines": 1, "excluded_lines": 0}, "missing_lines": [58], "excluded_lines": []}, "TestKeywordExtraction": {"executed_lines": [83, 84, 89, 91, 93, 97, 98, 105, 106, 107, 108], "summary": {"covered_lines": 11, "num_statements": 11, "percent_covered": 100.0, "percent_covered_display": "100", "missing_lines": 0, "excluded_lines": 0}, "missing_lines": [], "excluded_lines": []}, "TestEmbeddings": {"executed_lines": [116, 117, 119, 120, 121, 122, 126, 127, 133, 135, 136, 137, 141, 144, 145, 146, 149, 150, 152, 153, 154, 158, 160, 161, 168, 169, 171, 173, 174, 175, 178, 179], "summary": {"covered_lines": 32, "num_statements": 32, "percent_covered": 100.0, "percent_covered_display": "100", "missing_lines": 0, "excluded_lines": 0}, "missing_lines": [], "excluded_lines": []}, "TestGeminiClient": {"executed_lines": [187, 188, 189, 193, 195, 196], "summary": {"covered_lines": 6, "num_statements": 9, "percent_covered": 66.66666666666667, "percent_covered_display": "67", "missing_lines": 3, "excluded_lines": 0}, "missing_lines": [202, 203, 204], "excluded_lines": []}, "": {"executed_lines": [1, 2, 3, 4, 5, 6, 9, 10, 12, 23, 34, 44, 60, 78, 79, 81, 95, 111, 112, 114, 124, 139, 156, 182, 183, 185, 191, 199, 200], "summary": {"covered_lines": 24, "num_statements": 24, "percent_covered": 100.0, "percent_covered_display": "100", "missing_lines": 0, "excluded_lines": 0}, "missing_lines": [], "excluded_lines": []}}}, "app/tests/test_api_endpoints.py": {"executed_lines": [1, 3, 4, 6, 8, 11, 12, 13, 14, 15, 20, 21, 56, 68, 77, 79, 80, 85, 86, 89, 90, 91, 92, 93, 94, 104, 114, 116, 117, 120, 131, 156, 168, 179, 202, 204, 205, 206, 207, 243, 256, 258, 264, 265, 266, 267, 268, 269, 272, 274, 280, 281, 282, 285, 286, 287, 290, 293, 294, 298, 300, 301, 302, 303, 304, 307, 310, 311, 312, 315, 316, 317, 318, 321, 324, 325, 326, 327, 330, 331, 332, 333, 334, 339, 341, 342, 344, 352, 355, 357, 359, 365, 370, 372, 375, 377, 378, 379, 380, 383, 393, 396, 397, 398, 399, 401, 410, 411], "summary": {"covered_lines": 107, "num_statements": 209, "percent_covered": 51.196172248803826, "percent_covered_display": "51", "missing_lines": 102, "excluded_lines": 0}, "missing_lines": [16, 17, 22, 38, 39, 40, 42, 49, 51, 59, 60, 61, 62, 63, 64, 65, 70, 71, 72, 73, 74, 97, 98, 99, 100, 101, 106, 107, 108, 109, 110, 111, 122, 123, 124, 125, 126, 127, 128, 134, 135, 144, 145, 146, 147, 150, 151, 152, 153, 158, 159, 160, 161, 162, 163, 170, 171, 172, 173, 174, 175, 176, 182, 183, 191, 192, 194, 195, 196, 197, 198, 199, 210, 219, 228, 229, 231, 232, 233, 235, 236, 237, 238, 239, 240, 245, 246, 247, 248, 249, 250, 251, 385, 388, 413, 414, 416, 417, 419, 420, 422, 423], "excluded_lines": [], "functions": {"sample_keyword": {"executed_lines": [13, 14, 15], "summary": {"covered_lines": 3, "num_statements": 5, "percent_covered": 60.0, "percent_covered_display": "60", "missing_lines": 2, "excluded_lines": 0}, "missing_lines": [16, 17], "excluded_lines": []}, "sample_article": {"executed_lines": [], "summary": {"covered_lines": 0, "num_statements": 7, "percent_covered": 0.0, "percent_covered_display": "0", "missing_lines": 7, "excluded_lines": 0}, "missing_lines": [22, 38, 39, 40, 42, 49, 51], "excluded_lines": []}, "test_search_keywords_without_query": {"executed_lines": [], "summary": {"covered_lines": 0, "num_statements": 7, "percent_covered": 0.0, "percent_covered_display": "0", "missing_lines": 7, "excluded_lines": 0}, "missing_lines": [59, 60, 61, 62, 63, 64, 65], "excluded_lines": []}, "test_search_keywords_with_query": {"executed_lines": [], "summary": {"covered_lines": 0, "num_statements": 5, "percent_covered": 0.0, "percent_covered_display": "0", "missing_lines": 5, "excluded_lines": 0}, "missing_lines": [70, 71, 72, 73, 74], "excluded_lines": []}, "test_search_keywords_pagination": {"executed_lines": [79, 80, 85, 86, 89, 90, 91, 92, 93, 94], "summary": {"covered_lines": 10, "num_statements": 15, "percent_covered": 66.66666666666667, "percent_covered_display": "67", "missing_lines": 5, "excluded_lines": 0}, "missing_lines": [97, 98, 99, 100, 101], "excluded_lines": []}, "test_get_keyword_detail": {"executed_lines": [], "summary": {"covered_lines": 0, "num_statements": 6, "percent_covered": 0.0, "percent_covered_display": "0", "missing_lines": 6, "excluded_lines": 0}, "missing_lines": [106, 107, 108, 109, 110, 111], "excluded_lines": []}, "test_get_keyword_not_found": {"executed_lines": [116, 117], "summary": {"covered_lines": 2, "num_statements": 2, "percent_covered": 100.0, "percent_covered_display": "100", "missing_lines": 0, "excluded_lines": 0}, "missing_lines": [], "excluded_lines": []}, "test_get_keyword_articles": {"executed_lines": [], "summary": {"covered_lines": 0, "num_statements": 7, "percent_covered": 0.0, "percent_covered_display": "0", "missing_lines": 7, "excluded_lines": 0}, "missing_lines": [122, 123, 124, 125, 126, 127, 128], "excluded_lines": []}, "test_get_keyword_articles_sorting": {"executed_lines": [], "summary": {"covered_lines": 0, "num_statements": 10, "percent_covered": 0.0, "percent_covered_display": "0", "missing_lines": 10, "excluded_lines": 0}, "missing_lines": [134, 135, 144, 145, 146, 147, 150, 151, 152, 153], "excluded_lines": []}, "test_get_keyword_relations": {"executed_lines": [], "summary": {"covered_lines": 0, "num_statements": 6, "percent_covered": 0.0, "percent_covered_display": "0", "missing_lines": 6, "excluded_lines": 0}, "missing_lines": [158, 159, 160, 161, 162, 163], "excluded_lines": []}, "test_get_keyword_sentiment": {"executed_lines": [], "summary": {"covered_lines": 0, "num_statements": 7, "percent_covered": 0.0, "percent_covered_display": "0", "missing_lines": 7, "excluded_lines": 0}, "missing_lines": [170, 171, 172, 173, 174, 175, 176], "excluded_lines": []}, "test_get_keyword_sentiment_timeline": {"executed_lines": [], "summary": {"covered_lines": 0, "num_statements": 10, "percent_covered": 0.0, "percent_covered_display": "0", "missing_lines": 10, "excluded_lines": 0}, "missing_lines": [182, 183, 191, 192, 194, 195, 196, 197, 198, 199], "excluded_lines": []}, "test_compare_keywords_sentiment": {"executed_lines": [204, 205, 206, 207], "summary": {"covered_lines": 4, "num_statements": 17, "percent_covered": 23.529411764705884, "percent_covered_display": "24", "missing_lines": 13, "excluded_lines": 0}, "missing_lines": [210, 219, 228, 229, 231, 232, 233, 235, 236, 237, 238, 239, 240], "excluded_lines": []}, "test_get_article_sentiment_details": {"executed_lines": [], "summary": {"covered_lines": 0, "num_statements": 7, "percent_covered": 0.0, "percent_covered_display": "0", "missing_lines": 7, "excluded_lines": 0}, "missing_lines": [245, 246, 247, 248, 249, 250, 251], "excluded_lines": []}, "test_create_suggestion": {"executed_lines": [258, 264, 265, 266, 267, 268, 269], "summary": {"covered_lines": 7, "num_statements": 7, "percent_covered": 100.0, "percent_covered_display": "100", "missing_lines": 0, "excluded_lines": 0}, "missing_lines": [], "excluded_lines": []}, "test_create_duplicate_suggestion": {"executed_lines": [274, 280, 281, 282, 285, 286, 287], "summary": {"covered_lines": 7, "num_statements": 7, "percent_covered": 100.0, "percent_covered_display": "100", "missing_lines": 0, "excluded_lines": 0}, "missing_lines": [], "excluded_lines": []}, "test_get_suggestions": {"executed_lines": [293, 294, 298, 300, 301, 302, 303, 304], "summary": {"covered_lines": 8, "num_statements": 8, "percent_covered": 100.0, "percent_covered_display": "100", "missing_lines": 0, "excluded_lines": 0}, "missing_lines": [], "excluded_lines": []}, "test_get_suggestion_by_id": {"executed_lines": [310, 311, 312, 315, 316, 317, 318], "summary": {"covered_lines": 7, "num_statements": 7, "percent_covered": 100.0, "percent_covered_display": "100", "missing_lines": 0, "excluded_lines": 0}, "missing_lines": [], "excluded_lines": []}, "test_vote_suggestion": {"executed_lines": [324, 325, 326, 327, 330, 331, 332, 333, 334], "summary": {"covered_lines": 9, "num_statements": 9, "percent_covered": 100.0, "percent_covered_display": "100", "missing_lines": 0, "excluded_lines": 0}, "missing_lines": [], "excluded_lines": []}, "test_upload_text_document": {"executed_lines": [341, 342, 344, 352], "summary": {"covered_lines": 4, "num_statements": 4, "percent_covered": 100.0, "percent_covered_display": "100", "missing_lines": 0, "excluded_lines": 0}, "missing_lines": [], "excluded_lines": []}, "test_upload_unsupported_file": {"executed_lines": [357, 359, 365], "summary": {"covered_lines": 3, "num_statements": 3, "percent_covered": 100.0, "percent_covered_display": "100", "missing_lines": 0, "excluded_lines": 0}, "missing_lines": [], "excluded_lines": []}, "test_semantic_search_endpoint": {"executed_lines": [372, 375, 377, 378, 379, 380], "summary": {"covered_lines": 6, "num_statements": 6, "percent_covered": 100.0, "percent_covered_display": "100", "missing_lines": 0, "excluded_lines": 0}, "missing_lines": [], "excluded_lines": []}, "test_find_similar_articles": {"executed_lines": [], "summary": {"covered_lines": 0, "num_statements": 2, "percent_covered": 0.0, "percent_covered_display": "0", "missing_lines": 2, "excluded_lines": 0}, "missing_lines": [385, 388], "excluded_lines": []}, "test_full_workflow": {"executed_lines": [396, 397, 398, 399, 401, 410, 411], "summary": {"covered_lines": 7, "num_statements": 15, "percent_covered": 46.666666666666664, "percent_covered_display": "47", "missing_lines": 8, "excluded_lines": 0}, "missing_lines": [413, 414, 416, 417, 419, 420, 422, 423], "excluded_lines": []}, "": {"executed_lines": [1, 3, 4, 6, 8, 11, 12, 20, 21, 56, 68, 77, 104, 114, 120, 131, 156, 168, 179, 202, 243, 256, 272, 290, 307, 321, 339, 355, 370, 383, 393], "summary": {"covered_lines": 30, "num_statements": 30, "percent_covered": 100.0, "percent_covered_display": "100", "missing_lines": 0, "excluded_lines": 0}, "missing_lines": [], "excluded_lines": []}}, "classes": {"": {"executed_lines": [1, 3, 4, 6, 8, 11, 12, 13, 14, 15, 20, 21, 56, 68, 77, 79, 80, 85, 86, 89, 90, 91, 92, 93, 94, 104, 114, 116, 117, 120, 131, 156, 168, 179, 202, 204, 205, 206, 207, 243, 256, 258, 264, 265, 266, 267, 268, 269, 272, 274, 280, 281, 282, 285, 286, 287, 290, 293, 294, 298, 300, 301, 302, 303, 304, 307, 310, 311, 312, 315, 316, 317, 318, 321, 324, 325, 326, 327, 330, 331, 332, 333, 334, 339, 341, 342, 344, 352, 355, 357, 359, 365, 370, 372, 375, 377, 378, 379, 380, 383, 393, 396, 397, 398, 399, 401, 410, 411], "summary": {"covered_lines": 107, "num_statements": 209, "percent_covered": 51.196172248803826, "percent_covered_display": "51", "missing_lines": 102, "excluded_lines": 0}, "missing_lines": [16, 17, 22, 38, 39, 40, 42, 49, 51, 59, 60, 61, 62, 63, 64, 65, 70, 71, 72, 73, 74, 97, 98, 99, 100, 101, 106, 107, 108, 109, 110, 111, 122, 123, 124, 125, 126, 127, 128, 134, 135, 144, 145, 146, 147, 150, 151, 152, 153, 158, 159, 160, 161, 162, 163, 170, 171, 172, 173, 174, 175, 176, 182, 183, 191, 192, 194, 195, 196, 197, 198, 199, 210, 219, 228, 229, 231, 232, 233, 235, 236, 237, 238, 239, 240, 245, 246, 247, 248, 249, 250, 251, 385, 388, 413, 414, 416, 417, 419, 420, 422, 423], "excluded_lines": []}}}, "app/tests/test_database.py": {"executed_lines": [1, 2, 3, 5, 11, 13, 17, 19, 25, 26, 36, 38, 52, 53, 54, 56, 57, 58, 59, 60, 63, 65, 92, 94, 95, 96, 119, 121, 127, 128, 129, 131, 132, 133], "summary": {"covered_lines": 33, "num_statements": 59, "percent_covered": 55.932203389830505, "percent_covered_display": "56", "missing_lines": 26, "excluded_lines": 0}, "missing_lines": [14, 27, 29, 30, 31, 32, 33, 66, 70, 71, 72, 74, 79, 80, 83, 88, 89, 98, 99, 109, 110, 111, 113, 114, 115, 116], "excluded_lines": [], "functions": {"test_database_connection": {"executed_lines": [13], "summary": {"covered_lines": 1, "num_statements": 2, "percent_covered": 50.0, "percent_covered_display": "50", "missing_lines": 1, "excluded_lines": 0}, "missing_lines": [14], "excluded_lines": []}, "test_create_keyword": {"executed_lines": [19, 25, 26], "summary": {"covered_lines": 3, "num_statements": 9, "percent_covered": 33.333333333333336, "percent_covered_display": "33", "missing_lines": 6, "excluded_lines": 0}, "missing_lines": [27, 29, 30, 31, 32, 33], "excluded_lines": []}, "test_create_article": {"executed_lines": [38, 52, 53, 54, 56, 57, 58, 59, 60], "summary": {"covered_lines": 9, "num_statements": 9, "percent_covered": 100.0, "percent_covered_display": "100", "missing_lines": 0, "excluded_lines": 0}, "missing_lines": [], "excluded_lines": []}, "test_keyword_article_relationship": {"executed_lines": [65], "summary": {"covered_lines": 1, "num_statements": 11, "percent_covered": 9.090909090909092, "percent_covered_display": "9", "missing_lines": 10, "excluded_lines": 0}, "missing_lines": [66, 70, 71, 72, 74, 79, 80, 83, 88, 89], "excluded_lines": []}, "test_sentiment_trend_creation": {"executed_lines": [94, 95, 96], "summary": {"covered_lines": 3, "num_statements": 12, "percent_covered": 25.0, "percent_covered_display": "25", "missing_lines": 9, "excluded_lines": 0}, "missing_lines": [98, 99, 109, 110, 111, 113, 114, 115, 116], "excluded_lines": []}, "test_keyword_suggestion_creation": {"executed_lines": [121, 127, 128, 129, 131, 132, 133], "summary": {"covered_lines": 7, "num_statements": 7, "percent_covered": 100.0, "percent_covered_display": "100", "missing_lines": 0, "excluded_lines": 0}, "missing_lines": [], "excluded_lines": []}, "": {"executed_lines": [1, 2, 3, 5, 11, 17, 36, 63, 92, 119], "summary": {"covered_lines": 9, "num_statements": 9, "percent_covered": 100.0, "percent_covered_display": "100", "missing_lines": 0, "excluded_lines": 0}, "missing_lines": [], "excluded_lines": []}}, "classes": {"": {"executed_lines": [1, 2, 3, 5, 11, 13, 17, 19, 25, 26, 36, 38, 52, 53, 54, 56, 57, 58, 59, 60, 63, 65, 92, 94, 95, 96, 119, 121, 127, 128, 129, 131, 132, 133], "summary": {"covered_lines": 33, "num_statements": 59, "percent_covered": 55.932203389830505, "percent_covered_display": "56", "missing_lines": 26, "excluded_lines": 0}, "missing_lines": [14, 27, 29, 30, 31, 32, 33, 66, 70, 71, 72, 74, 79, 80, 83, 88, 89, 98, 99, 109, 110, 111, 113, 114, 115, 116], "excluded_lines": []}}}, "app/tests/test_health.py": {"executed_lines": [1, 2, 3, 6, 8, 9, 10, 11, 12, 13, 14, 17, 19, 20, 21, 22, 23, 24, 25, 26, 29, 31, 32, 33, 34, 35, 36, 37, 38, 39, 40, 41, 42], "summary": {"covered_lines": 32, "num_statements": 32, "percent_covered": 100.0, "percent_covered_display": "100", "missing_lines": 0, "excluded_lines": 0}, "missing_lines": [], "excluded_lines": [], "functions": {"test_root_endpoint": {"executed_lines": [8, 9, 10, 11, 12, 13, 14], "summary": {"covered_lines": 7, "num_statements": 7, "percent_covered": 100.0, "percent_covered_display": "100", "missing_lines": 0, "excluded_lines": 0}, "missing_lines": [], "excluded_lines": []}, "test_health_endpoint": {"executed_lines": [19, 20, 21, 22, 23, 24, 25, 26], "summary": {"covered_lines": 8, "num_statements": 8, "percent_covered": 100.0, "percent_covered_display": "100", "missing_lines": 0, "excluded_lines": 0}, "missing_lines": [], "excluded_lines": []}, "test_api_status_endpoint": {"executed_lines": [31, 32, 33, 34, 35, 36, 37, 38, 39, 40, 41, 42], "summary": {"covered_lines": 12, "num_statements": 12, "percent_covered": 100.0, "percent_covered_display": "100", "missing_lines": 0, "excluded_lines": 0}, "missing_lines": [], "excluded_lines": []}, "": {"executed_lines": [1, 2, 3, 6, 17, 29], "summary": {"covered_lines": 5, "num_statements": 5, "percent_covered": 100.0, "percent_covered_display": "100", "missing_lines": 0, "excluded_lines": 0}, "missing_lines": [], "excluded_lines": []}}, "classes": {"": {"executed_lines": [1, 2, 3, 6, 8, 9, 10, 11, 12, 13, 14, 17, 19, 20, 21, 22, 23, 24, 25, 26, 29, 31, 32, 33, 34, 35, 36, 37, 38, 39, 40, 41, 42], "summary": {"covered_lines": 32, "num_statements": 32, "percent_covered": 100.0, "percent_covered_display": "100", "missing_lines": 0, "excluded_lines": 0}, "missing_lines": [], "excluded_lines": []}}}, "app/validation.py": {"executed_lines": [], "summary": {"covered_lines": 0, "num_statements": 53, "percent_covered": 0.0, "percent_covered_display": "0", "missing_lines": 53, "excluded_lines": 0}, "missing_lines": [2, 3, 4, 5, 7, 10, 12, 13, 15, 16, 21, 23, 25, 26, 29, 30, 31, 34, 36, 37, 39, 40, 42, 43, 44, 47, 66, 67, 69, 70, 71, 74, 75, 76, 78, 79, 82, 83, 85, 88, 90, 91, 94, 97, 98, 101, 103, 106, 108, 115, 118, 120, 123], "excluded_lines": [], "functions": {"SearchParams.sanitize_query": {"executed_lines": [], "summary": {"covered_lines": 0, "num_statements": 3, "percent_covered": 0.0, "percent_covered_display": "0", "missing_lines": 3, "excluded_lines": 0}, "missing_lines": [29, 30, 31], "excluded_lines": []}, "FilterParams.validate_sort_field": {"executed_lines": [], "summary": {"covered_lines": 0, "num_statements": 3, "percent_covered": 0.0, "percent_covered_display": "0", "missing_lines": 3, "excluded_lines": 0}, "missing_lines": [42, 43, 44], "excluded_lines": []}, "validate_file_upload": {"executed_lines": [], "summary": {"covered_lines": 0, "num_statements": 13, "percent_covered": 0.0, "percent_covered_display": "0", "missing_lines": 13, "excluded_lines": 0}, "missing_lines": [66, 67, 69, 70, 71, 74, 75, 76, 78, 79, 82, 83, 85], "excluded_lines": []}, "sanitize_input": {"executed_lines": [], "summary": {"covered_lines": 0, "num_statements": 7, "percent_covered": 0.0, "percent_covered_display": "0", "missing_lines": 7, "excluded_lines": 0}, "missing_lines": [90, 91, 94, 97, 98, 101, 103], "excluded_lines": []}, "validate_url": {"executed_lines": [], "summary": {"covered_lines": 0, "num_statements": 2, "percent_covered": 0.0, "percent_covered_display": "0", "missing_lines": 2, "excluded_lines": 0}, "missing_lines": [108, 115], "excluded_lines": []}, "validate_email": {"executed_lines": [], "summary": {"covered_lines": 0, "num_statements": 2, "percent_covered": 0.0, "percent_covered_display": "0", "missing_lines": 2, "excluded_lines": 0}, "missing_lines": [120, 123], "excluded_lines": []}, "": {"executed_lines": [], "summary": {"covered_lines": 0, "num_statements": 23, "percent_covered": 0.0, "percent_covered_display": "0", "missing_lines": 23, "excluded_lines": 0}, "missing_lines": [2, 3, 4, 5, 7, 10, 12, 13, 15, 16, 21, 23, 25, 26, 34, 36, 37, 39, 40, 47, 88, 106, 118], "excluded_lines": []}}, "classes": {"PaginationParams": {"executed_lines": [], "summary": {"covered_lines": 0, "num_statements": 0, "percent_covered": 100.0, "percent_covered_display": "100", "missing_lines": 0, "excluded_lines": 0}, "missing_lines": [], "excluded_lines": []}, "PaginationParams.Config": {"executed_lines": [], "summary": {"covered_lines": 0, "num_statements": 0, "percent_covered": 100.0, "percent_covered_display": "100", "missing_lines": 0, "excluded_lines": 0}, "missing_lines": [], "excluded_lines": []}, "SearchParams": {"executed_lines": [], "summary": {"covered_lines": 0, "num_statements": 3, "percent_covered": 0.0, "percent_covered_display": "0", "missing_lines": 3, "excluded_lines": 0}, "missing_lines": [29, 30, 31], "excluded_lines": []}, "FilterParams": {"executed_lines": [], "summary": {"covered_lines": 0, "num_statements": 3, "percent_covered": 0.0, "percent_covered_display": "0", "missing_lines": 3, "excluded_lines": 0}, "missing_lines": [42, 43, 44], "excluded_lines": []}, "": {"executed_lines": [], "summary": {"covered_lines": 0, "num_statements": 47, "percent_covered": 0.0, "percent_covered_display": "0", "missing_lines": 47, "excluded_lines": 0}, "missing_lines": [2, 3, 4, 5, 7, 10, 12, 13, 15, 16, 21, 23, 25, 26, 34, 36, 37, 39, 40, 47, 66, 67, 69, 70, 71, 74, 75, 76, 78, 79, 82, 83, 85, 88, 90, 91, 94, 97, 98, 101, 103, 106, 108, 115, 118, 120, 123], "excluded_lines": []}}}}, "totals": {"covered_lines": 1287, "num_statements": 3316, "percent_covered": 38.81182147165259, "percent_covered_display": "39", "missing_lines": 2029, "excluded_lines": 77}}